{"__type":"$$EventMessageWorkflow","id":"c76de032-7247-4b21-bcb8-64337ba6ff25","ts":"2025-12-26T20:00:53.586+00:00","eventName":"n8n.workflow.started","message":"n8n.workflow.started","payload":{"executionId":"75","workflowId":"WKP5DQioUa8V33KF","isManual":false,"workflowName":"Clasificación automática de incidencias"}}
{"__type":"$$EventMessageConfirm","confirm":"c76de032-7247-4b21-bcb8-64337ba6ff25","ts":"2025-12-26T20:00:53.587+00:00","source":{"id":"0","name":"eventBus"}}
{"__type":"$$EventMessageNode","id":"8a31551b-9f3d-44a4-84aa-fb6956fb7e22","ts":"2025-12-26T20:00:53.589+00:00","eventName":"n8n.node.started","message":"n8n.node.started","payload":{"workflowId":"WKP5DQioUa8V33KF","workflowName":"Clasificación automática de incidencias","executionId":"75","nodeType":"n8n-nodes-base.httpRequest","nodeName":"HTTP Request","nodeId":"37bd2505-e1c2-479d-822a-07dedaa70202"}}
{"__type":"$$EventMessageConfirm","confirm":"8a31551b-9f3d-44a4-84aa-fb6956fb7e22","ts":"2025-12-26T20:00:53.589+00:00","source":{"id":"0","name":"eventBus"}}
{"__type":"$$EventMessageNode","id":"ecfd4de7-11e5-4e5c-abc3-56d8e992ccb9","ts":"2025-12-26T15:00:53.630-05:00","eventName":"n8n.node.finished","message":"n8n.node.finished","payload":{"workflowId":"WKP5DQioUa8V33KF","workflowName":"Clasificación automática de incidencias","executionId":"75","nodeType":"n8n-nodes-base.httpRequest","nodeName":"HTTP Request","nodeId":"37bd2505-e1c2-479d-822a-07dedaa70202"}}
{"__type":"$$EventMessageConfirm","confirm":"ecfd4de7-11e5-4e5c-abc3-56d8e992ccb9","ts":"2025-12-26T15:00:53.630-05:00","source":{"id":"0","name":"eventBus"}}
{"__type":"$$EventMessageWorkflow","id":"6b0eb0d1-6176-4794-9ed2-8914d4f515a4","ts":"2025-12-26T15:00:53.634-05:00","eventName":"n8n.workflow.failed","message":"n8n.workflow.failed","payload":{"userId":"76f1c822-eead-4d9d-807f-4cf0b8058c59","executionId":"75","success":false,"isManual":true,"workflowId":"WKP5DQioUa8V33KF","workflowName":"Clasificación automática de incidencias","lastNodeExecuted":"HTTP Request","errorNodeType":"n8n-nodes-base.httpRequest","errorMessage":"JSON parameter needs to be valid JSON"}}
{"__type":"$$EventMessageConfirm","confirm":"6b0eb0d1-6176-4794-9ed2-8914d4f515a4","ts":"2025-12-26T15:00:53.634-05:00","source":{"id":"0","name":"eventBus"}}
{"__type":"$$EventMessageWorkflow","id":"584022e1-78b2-433e-a5fa-d4b19aff0fcc","ts":"2025-12-26T15:01:08.591-05:00","eventName":"n8n.workflow.started","message":"n8n.workflow.started","payload":{"executionId":"76","workflowId":"WKP5DQioUa8V33KF","isManual":false,"workflowName":"Clasificación automática de incidencias"}}
{"__type":"$$EventMessageConfirm","confirm":"584022e1-78b2-433e-a5fa-d4b19aff0fcc","ts":"2025-12-26T15:01:08.591-05:00","source":{"id":"0","name":"eventBus"}}
{"__type":"$$EventMessageNode","id":"111714dd-7fb4-4251-b33c-997d9a06077f","ts":"2025-12-26T15:01:08.592-05:00","eventName":"n8n.node.started","message":"n8n.node.started","payload":{"workflowId":"WKP5DQioUa8V33KF","workflowName":"Clasificación automática de incidencias","executionId":"76","nodeType":"n8n-nodes-base.httpRequest","nodeName":"HTTP Request","nodeId":"37bd2505-e1c2-479d-822a-07dedaa70202"}}
{"__type":"$$EventMessageConfirm","confirm":"111714dd-7fb4-4251-b33c-997d9a06077f","ts":"2025-12-26T15:01:08.592-05:00","source":{"id":"0","name":"eventBus"}}
{"__type":"$$EventMessageNode","id":"eef0fc53-fe4e-435d-a652-dfe0a4e2e541","ts":"2025-12-26T15:01:08.594-05:00","eventName":"n8n.node.finished","message":"n8n.node.finished","payload":{"workflowId":"WKP5DQioUa8V33KF","workflowName":"Clasificación automática de incidencias","executionId":"76","nodeType":"n8n-nodes-base.httpRequest","nodeName":"HTTP Request","nodeId":"37bd2505-e1c2-479d-822a-07dedaa70202"}}
{"__type":"$$EventMessageConfirm","confirm":"eef0fc53-fe4e-435d-a652-dfe0a4e2e541","ts":"2025-12-26T15:01:08.594-05:00","source":{"id":"0","name":"eventBus"}}
{"__type":"$$EventMessageWorkflow","id":"0a1ab9d1-d415-4425-815c-7273437e5e11","ts":"2025-12-26T15:01:08.596-05:00","eventName":"n8n.workflow.failed","message":"n8n.workflow.failed","payload":{"userId":"76f1c822-eead-4d9d-807f-4cf0b8058c59","executionId":"76","success":false,"isManual":true,"workflowId":"WKP5DQioUa8V33KF","workflowName":"Clasificación automática de incidencias","lastNodeExecuted":"HTTP Request","errorNodeType":"n8n-nodes-base.httpRequest","errorMessage":"JSON parameter needs to be valid JSON"}}
{"__type":"$$EventMessageConfirm","confirm":"0a1ab9d1-d415-4425-815c-7273437e5e11","ts":"2025-12-26T15:01:08.596-05:00","source":{"id":"0","name":"eventBus"}}
{"__type":"$$EventMessageAudit","id":"99e77c9d-59c9-4239-8c87-6820ea7c1e5b","ts":"2025-12-26T15:02:52.587-05:00","eventName":"n8n.audit.workflow.updated","message":"n8n.audit.workflow.updated","payload":{"userId":"76f1c822-eead-4d9d-807f-4cf0b8058c59","_email":"pgertela@gmail.com","_firstName":"pgertela","_lastName":"pgertela","globalRole":"global:owner","workflowId":"WKP5DQioUa8V33KF","workflowName":"Clasificación automática de incidencias"}}
{"__type":"$$EventMessageConfirm","confirm":"99e77c9d-59c9-4239-8c87-6820ea7c1e5b","ts":"2025-12-26T15:02:52.587-05:00","source":{"id":"0","name":"eventBus"}}
{"__type":"$$EventMessageWorkflow","id":"4c6ffcd6-dea0-44a6-bab8-4930c14dc903","ts":"2025-12-26T15:03:42.491-05:00","eventName":"n8n.workflow.started","message":"n8n.workflow.started","payload":{"executionId":"77","workflowId":"WKP5DQioUa8V33KF","isManual":false,"workflowName":"Clasificación automática de incidencias"}}
{"__type":"$$EventMessageConfirm","confirm":"4c6ffcd6-dea0-44a6-bab8-4930c14dc903","ts":"2025-12-26T15:03:42.491-05:00","source":{"id":"0","name":"eventBus"}}
{"__type":"$$EventMessageNode","id":"3975527b-6ea5-447d-9ad9-a8b1c2f4f4a5","ts":"2025-12-26T15:03:42.491-05:00","eventName":"n8n.node.started","message":"n8n.node.started","payload":{"workflowId":"WKP5DQioUa8V33KF","workflowName":"Clasificación automática de incidencias","executionId":"77","nodeType":"n8n-nodes-base.emailReadImap","nodeName":"Email Trigger (IMAP)","nodeId":"4fde0c3e-aa78-47fd-bf34-617b62a1701f"}}
{"__type":"$$EventMessageConfirm","confirm":"3975527b-6ea5-447d-9ad9-a8b1c2f4f4a5","ts":"2025-12-26T15:03:42.491-05:00","source":{"id":"0","name":"eventBus"}}
{"__type":"$$EventMessageNode","id":"277b2683-d327-467f-9dbc-079b065884e6","ts":"2025-12-26T15:06:16.318-05:00","eventName":"n8n.node.finished","message":"n8n.node.finished","payload":{"workflowId":"WKP5DQioUa8V33KF","workflowName":"Clasificación automática de incidencias","executionId":"77","nodeType":"n8n-nodes-base.emailReadImap","nodeName":"Email Trigger (IMAP)","nodeId":"4fde0c3e-aa78-47fd-bf34-617b62a1701f"}}
{"__type":"$$EventMessageConfirm","confirm":"277b2683-d327-467f-9dbc-079b065884e6","ts":"2025-12-26T15:06:16.319-05:00","source":{"id":"0","name":"eventBus"}}
{"__type":"$$EventMessageWorkflow","id":"3e0fcf2f-1b67-43ea-b869-c9b183f3cc29","ts":"2025-12-26T15:06:16.760-05:00","eventName":"n8n.workflow.success","message":"n8n.workflow.success","payload":{"userId":"76f1c822-eead-4d9d-807f-4cf0b8058c59","executionId":"77","success":true,"isManual":true,"workflowId":"WKP5DQioUa8V33KF","workflowName":"Clasificación automática de incidencias"}}
{"__type":"$$EventMessageConfirm","confirm":"3e0fcf2f-1b67-43ea-b869-c9b183f3cc29","ts":"2025-12-26T15:06:16.760-05:00","source":{"id":"0","name":"eventBus"}}
{"__type":"$$EventMessageAudit","id":"90c81ebb-086f-4633-97b5-2ded453e273e","ts":"2025-12-26T15:06:57.634-05:00","eventName":"n8n.audit.workflow.updated","message":"n8n.audit.workflow.updated","payload":{"userId":"76f1c822-eead-4d9d-807f-4cf0b8058c59","_email":"pgertela@gmail.com","_firstName":"pgertela","_lastName":"pgertela","globalRole":"global:owner","workflowId":"WKP5DQioUa8V33KF","workflowName":"Clasificación automática de incidencias"}}
{"__type":"$$EventMessageConfirm","confirm":"90c81ebb-086f-4633-97b5-2ded453e273e","ts":"2025-12-26T15:06:57.634-05:00","source":{"id":"0","name":"eventBus"}}
{"__type":"$$EventMessageWorkflow","id":"59ffcb00-9015-46db-826c-6180106ab458","ts":"2025-12-26T15:07:47.899-05:00","eventName":"n8n.workflow.started","message":"n8n.workflow.started","payload":{"executionId":"78","workflowId":"WKP5DQioUa8V33KF","isManual":false,"workflowName":"Clasificación automática de incidencias"}}
{"__type":"$$EventMessageConfirm","confirm":"59ffcb00-9015-46db-826c-6180106ab458","ts":"2025-12-26T15:07:47.899-05:00","source":{"id":"0","name":"eventBus"}}
{"__type":"$$EventMessageNode","id":"6621d6a2-e4fd-4206-a9f2-1663f55396f7","ts":"2025-12-26T15:07:47.900-05:00","eventName":"n8n.node.started","message":"n8n.node.started","payload":{"workflowId":"WKP5DQioUa8V33KF","workflowName":"Clasificación automática de incidencias","executionId":"78","nodeType":"n8n-nodes-base.httpRequest","nodeName":"HTTP Request","nodeId":"37bd2505-e1c2-479d-822a-07dedaa70202"}}
{"__type":"$$EventMessageConfirm","confirm":"6621d6a2-e4fd-4206-a9f2-1663f55396f7","ts":"2025-12-26T15:07:47.900-05:00","source":{"id":"0","name":"eventBus"}}
{"__type":"$$EventMessageNode","id":"66909bb7-765f-471b-98ff-20dc3647cbfa","ts":"2025-12-26T15:07:47.904-05:00","eventName":"n8n.node.finished","message":"n8n.node.finished","payload":{"workflowId":"WKP5DQioUa8V33KF","workflowName":"Clasificación automática de incidencias","executionId":"78","nodeType":"n8n-nodes-base.httpRequest","nodeName":"HTTP Request","nodeId":"37bd2505-e1c2-479d-822a-07dedaa70202"}}
{"__type":"$$EventMessageConfirm","confirm":"66909bb7-765f-471b-98ff-20dc3647cbfa","ts":"2025-12-26T15:07:47.904-05:00","source":{"id":"0","name":"eventBus"}}
{"__type":"$$EventMessageWorkflow","id":"62d75595-f99f-4cf6-895f-b6e7349aecc9","ts":"2025-12-26T15:07:47.905-05:00","eventName":"n8n.workflow.failed","message":"n8n.workflow.failed","payload":{"userId":"76f1c822-eead-4d9d-807f-4cf0b8058c59","executionId":"78","success":false,"isManual":false,"workflowId":"WKP5DQioUa8V33KF","workflowName":"Clasificación automática de incidencias","lastNodeExecuted":"HTTP Request","errorNodeType":"n8n-nodes-base.httpRequest","errorMessage":"JSON parameter needs to be valid JSON"}}
{"__type":"$$EventMessageConfirm","confirm":"62d75595-f99f-4cf6-895f-b6e7349aecc9","ts":"2025-12-26T15:07:47.905-05:00","source":{"id":"0","name":"eventBus"}}
{"__type":"$$EventMessageAudit","id":"c308deec-9aa7-4ab6-80f4-8a60c89d66c9","ts":"2025-12-26T15:08:41.540-05:00","eventName":"n8n.audit.workflow.updated","message":"n8n.audit.workflow.updated","payload":{"userId":"76f1c822-eead-4d9d-807f-4cf0b8058c59","_email":"pgertela@gmail.com","_firstName":"pgertela","_lastName":"pgertela","globalRole":"global:owner","workflowId":"WKP5DQioUa8V33KF","workflowName":"Clasificación automática de incidencias"}}
{"__type":"$$EventMessageConfirm","confirm":"c308deec-9aa7-4ab6-80f4-8a60c89d66c9","ts":"2025-12-26T15:08:41.540-05:00","source":{"id":"0","name":"eventBus"}}
{"__type":"$$EventMessageWorkflow","id":"43867581-a141-4ba0-8ccf-00177272defe","ts":"2025-12-26T15:08:47.905-05:00","eventName":"n8n.workflow.started","message":"n8n.workflow.started","payload":{"executionId":"79","workflowId":"WKP5DQioUa8V33KF","isManual":false,"workflowName":"Clasificación automática de incidencias"}}
{"__type":"$$EventMessageConfirm","confirm":"43867581-a141-4ba0-8ccf-00177272defe","ts":"2025-12-26T15:08:47.905-05:00","source":{"id":"0","name":"eventBus"}}
{"__type":"$$EventMessageNode","id":"23609ba1-7d20-44a0-87a2-3f8d10ae9617","ts":"2025-12-26T15:08:47.907-05:00","eventName":"n8n.node.started","message":"n8n.node.started","payload":{"workflowId":"WKP5DQioUa8V33KF","workflowName":"Clasificación automática de incidencias","executionId":"79","nodeType":"n8n-nodes-base.emailReadImap","nodeName":"Email Trigger (IMAP)","nodeId":"331ee7e4-14a6-4ef6-adac-d6a4b35ed5f4"}}
{"__type":"$$EventMessageConfirm","confirm":"23609ba1-7d20-44a0-87a2-3f8d10ae9617","ts":"2025-12-26T15:08:47.907-05:00","source":{"id":"0","name":"eventBus"}}
{"__type":"$$EventMessageNode","id":"01cac0a3-efb9-48ee-ac6b-962bae4a15e0","ts":"2025-12-26T15:09:51.285-05:00","eventName":"n8n.node.finished","message":"n8n.node.finished","payload":{"workflowId":"WKP5DQioUa8V33KF","workflowName":"Clasificación automática de incidencias","executionId":"79","nodeType":"n8n-nodes-base.emailReadImap","nodeName":"Email Trigger (IMAP)","nodeId":"331ee7e4-14a6-4ef6-adac-d6a4b35ed5f4"}}
{"__type":"$$EventMessageConfirm","confirm":"01cac0a3-efb9-48ee-ac6b-962bae4a15e0","ts":"2025-12-26T15:09:51.285-05:00","source":{"id":"0","name":"eventBus"}}
{"__type":"$$EventMessageNode","id":"c7e16563-fbad-4686-9c04-5ada6dd51b20","ts":"2025-12-26T15:09:51.286-05:00","eventName":"n8n.node.started","message":"n8n.node.started","payload":{"workflowId":"WKP5DQioUa8V33KF","workflowName":"Clasificación automática de incidencias","executionId":"79","nodeType":"n8n-nodes-base.set","nodeName":"Edit Fields","nodeId":"0b9f49d3-250e-445f-aed5-d3255447a118"}}
{"__type":"$$EventMessageConfirm","confirm":"c7e16563-fbad-4686-9c04-5ada6dd51b20","ts":"2025-12-26T15:09:51.286-05:00","source":{"id":"0","name":"eventBus"}}
{"__type":"$$EventMessageNode","id":"2c3fccbe-4229-4a42-9ad0-35595bd2a21d","ts":"2025-12-26T15:09:51.307-05:00","eventName":"n8n.node.finished","message":"n8n.node.finished","payload":{"workflowId":"WKP5DQioUa8V33KF","workflowName":"Clasificación automática de incidencias","executionId":"79","nodeType":"n8n-nodes-base.set","nodeName":"Edit Fields","nodeId":"0b9f49d3-250e-445f-aed5-d3255447a118"}}
{"__type":"$$EventMessageConfirm","confirm":"2c3fccbe-4229-4a42-9ad0-35595bd2a21d","ts":"2025-12-26T15:09:51.307-05:00","source":{"id":"0","name":"eventBus"}}
{"__type":"$$EventMessageNode","id":"e54d249b-66f5-4925-b37f-ac3b5edf191c","ts":"2025-12-26T15:09:51.308-05:00","eventName":"n8n.node.started","message":"n8n.node.started","payload":{"workflowId":"WKP5DQioUa8V33KF","workflowName":"Clasificación automática de incidencias","executionId":"79","nodeType":"n8n-nodes-base.httpRequest","nodeName":"HTTP Request1","nodeId":"99bffdf2-40e8-45ed-ab23-3984f08a2972"}}
{"__type":"$$EventMessageConfirm","confirm":"e54d249b-66f5-4925-b37f-ac3b5edf191c","ts":"2025-12-26T15:09:51.308-05:00","source":{"id":"0","name":"eventBus"}}
{"__type":"$$EventMessageNode","id":"da56d2b6-f975-41e6-a914-9c932cd71761","ts":"2025-12-26T15:09:51.310-05:00","eventName":"n8n.node.finished","message":"n8n.node.finished","payload":{"workflowId":"WKP5DQioUa8V33KF","workflowName":"Clasificación automática de incidencias","executionId":"79","nodeType":"n8n-nodes-base.httpRequest","nodeName":"HTTP Request1","nodeId":"99bffdf2-40e8-45ed-ab23-3984f08a2972"}}
{"__type":"$$EventMessageConfirm","confirm":"da56d2b6-f975-41e6-a914-9c932cd71761","ts":"2025-12-26T15:09:51.311-05:00","source":{"id":"0","name":"eventBus"}}
{"__type":"$$EventMessageWorkflow","id":"5cf0ab5e-c889-4b09-9b47-7734c220131c","ts":"2025-12-26T15:09:51.738-05:00","eventName":"n8n.workflow.failed","message":"n8n.workflow.failed","payload":{"userId":"76f1c822-eead-4d9d-807f-4cf0b8058c59","executionId":"79","success":false,"isManual":true,"workflowId":"WKP5DQioUa8V33KF","workflowName":"Clasificación automática de incidencias","lastNodeExecuted":"HTTP Request1","errorNodeType":"n8n-nodes-base.httpRequest","errorMessage":"JSON parameter needs to be valid JSON"}}
{"__type":"$$EventMessageConfirm","confirm":"5cf0ab5e-c889-4b09-9b47-7734c220131c","ts":"2025-12-26T15:09:51.738-05:00","source":{"id":"0","name":"eventBus"}}
{"__type":"$$EventMessageWorkflow","id":"e7d912f5-84cd-4e7f-bec1-c536d199ee92","ts":"2025-12-26T15:11:58.589-05:00","eventName":"n8n.workflow.started","message":"n8n.workflow.started","payload":{"executionId":"80","workflowId":"WKP5DQioUa8V33KF","isManual":false,"workflowName":"Clasificación automática de incidencias"}}
{"__type":"$$EventMessageConfirm","confirm":"e7d912f5-84cd-4e7f-bec1-c536d199ee92","ts":"2025-12-26T15:11:58.590-05:00","source":{"id":"0","name":"eventBus"}}
{"__type":"$$EventMessageNode","id":"f96a8813-40eb-40d9-b06a-23fa66700770","ts":"2025-12-26T15:11:58.591-05:00","eventName":"n8n.node.started","message":"n8n.node.started","payload":{"workflowId":"WKP5DQioUa8V33KF","workflowName":"Clasificación automática de incidencias","executionId":"80","nodeType":"n8n-nodes-base.httpRequest","nodeName":"HTTP Request1","nodeId":"99bffdf2-40e8-45ed-ab23-3984f08a2972"}}
{"__type":"$$EventMessageConfirm","confirm":"f96a8813-40eb-40d9-b06a-23fa66700770","ts":"2025-12-26T15:11:58.591-05:00","source":{"id":"0","name":"eventBus"}}
{"__type":"$$EventMessageNode","id":"800c94eb-d67d-4385-84bb-71a8d8ff80a3","ts":"2025-12-26T15:11:58.615-05:00","eventName":"n8n.node.finished","message":"n8n.node.finished","payload":{"workflowId":"WKP5DQioUa8V33KF","workflowName":"Clasificación automática de incidencias","executionId":"80","nodeType":"n8n-nodes-base.httpRequest","nodeName":"HTTP Request1","nodeId":"99bffdf2-40e8-45ed-ab23-3984f08a2972"}}
{"__type":"$$EventMessageConfirm","confirm":"800c94eb-d67d-4385-84bb-71a8d8ff80a3","ts":"2025-12-26T15:11:58.615-05:00","source":{"id":"0","name":"eventBus"}}
{"__type":"$$EventMessageWorkflow","id":"ba214c40-6dbc-4cb6-aeea-b026915c934f","ts":"2025-12-26T15:11:58.617-05:00","eventName":"n8n.workflow.success","message":"n8n.workflow.success","payload":{"userId":"76f1c822-eead-4d9d-807f-4cf0b8058c59","executionId":"80","success":true,"isManual":true,"workflowId":"WKP5DQioUa8V33KF","workflowName":"Clasificación automática de incidencias"}}
{"__type":"$$EventMessageConfirm","confirm":"ba214c40-6dbc-4cb6-aeea-b026915c934f","ts":"2025-12-26T15:11:58.617-05:00","source":{"id":"0","name":"eventBus"}}
{"__type":"$$EventMessageWorkflow","id":"17a72b9d-d5e8-4709-ae33-cfb985f8bcb2","ts":"2025-12-26T15:12:15.080-05:00","eventName":"n8n.workflow.started","message":"n8n.workflow.started","payload":{"executionId":"81","workflowId":"WKP5DQioUa8V33KF","isManual":false,"workflowName":"Clasificación automática de incidencias"}}
{"__type":"$$EventMessageConfirm","confirm":"17a72b9d-d5e8-4709-ae33-cfb985f8bcb2","ts":"2025-12-26T15:12:15.080-05:00","source":{"id":"0","name":"eventBus"}}
{"__type":"$$EventMessageNode","id":"bfd1ee55-7b10-429d-b21a-eae2d10c45a9","ts":"2025-12-26T15:12:15.081-05:00","eventName":"n8n.node.started","message":"n8n.node.started","payload":{"workflowId":"WKP5DQioUa8V33KF","workflowName":"Clasificación automática de incidencias","executionId":"81","nodeType":"n8n-nodes-base.httpRequest","nodeName":"HTTP Request1","nodeId":"99bffdf2-40e8-45ed-ab23-3984f08a2972"}}
{"__type":"$$EventMessageConfirm","confirm":"bfd1ee55-7b10-429d-b21a-eae2d10c45a9","ts":"2025-12-26T15:12:15.081-05:00","source":{"id":"0","name":"eventBus"}}
{"__type":"$$EventMessageNode","id":"efc43cd1-73a6-44ec-a75c-839f3a150ba7","ts":"2025-12-26T15:12:15.084-05:00","eventName":"n8n.node.finished","message":"n8n.node.finished","payload":{"workflowId":"WKP5DQioUa8V33KF","workflowName":"Clasificación automática de incidencias","executionId":"81","nodeType":"n8n-nodes-base.httpRequest","nodeName":"HTTP Request1","nodeId":"99bffdf2-40e8-45ed-ab23-3984f08a2972"}}
{"__type":"$$EventMessageConfirm","confirm":"efc43cd1-73a6-44ec-a75c-839f3a150ba7","ts":"2025-12-26T15:12:15.084-05:00","source":{"id":"0","name":"eventBus"}}
{"__type":"$$EventMessageWorkflow","id":"6477e8fc-2f61-468d-858a-4dc3231078fe","ts":"2025-12-26T15:12:15.086-05:00","eventName":"n8n.workflow.failed","message":"n8n.workflow.failed","payload":{"userId":"76f1c822-eead-4d9d-807f-4cf0b8058c59","executionId":"81","success":false,"isManual":true,"workflowId":"WKP5DQioUa8V33KF","workflowName":"Clasificación automática de incidencias","lastNodeExecuted":"HTTP Request1","errorNodeType":"n8n-nodes-base.httpRequest","errorMessage":"JSON parameter needs to be valid JSON"}}
{"__type":"$$EventMessageConfirm","confirm":"6477e8fc-2f61-468d-858a-4dc3231078fe","ts":"2025-12-26T15:12:15.086-05:00","source":{"id":"0","name":"eventBus"}}
{"__type":"$$EventMessageWorkflow","id":"e7b400d7-5405-4eae-ba61-ba5303e2f00b","ts":"2025-12-26T15:12:44.319-05:00","eventName":"n8n.workflow.started","message":"n8n.workflow.started","payload":{"executionId":"82","workflowId":"WKP5DQioUa8V33KF","isManual":false,"workflowName":"Clasificación automática de incidencias"}}
{"__type":"$$EventMessageConfirm","confirm":"e7b400d7-5405-4eae-ba61-ba5303e2f00b","ts":"2025-12-26T15:12:44.319-05:00","source":{"id":"0","name":"eventBus"}}
{"__type":"$$EventMessageNode","id":"b2b15723-1c5f-4c18-8d8e-dac40a24d184","ts":"2025-12-26T15:12:44.320-05:00","eventName":"n8n.node.started","message":"n8n.node.started","payload":{"workflowId":"WKP5DQioUa8V33KF","workflowName":"Clasificación automática de incidencias","executionId":"82","nodeType":"n8n-nodes-base.httpRequest","nodeName":"HTTP Request1","nodeId":"99bffdf2-40e8-45ed-ab23-3984f08a2972"}}
{"__type":"$$EventMessageConfirm","confirm":"b2b15723-1c5f-4c18-8d8e-dac40a24d184","ts":"2025-12-26T15:12:44.320-05:00","source":{"id":"0","name":"eventBus"}}
{"__type":"$$EventMessageNode","id":"3c24231d-2c9c-458b-8a29-45cfb5b139bb","ts":"2025-12-26T15:12:44.328-05:00","eventName":"n8n.node.finished","message":"n8n.node.finished","payload":{"workflowId":"WKP5DQioUa8V33KF","workflowName":"Clasificación automática de incidencias","executionId":"82","nodeType":"n8n-nodes-base.httpRequest","nodeName":"HTTP Request1","nodeId":"99bffdf2-40e8-45ed-ab23-3984f08a2972"}}
{"__type":"$$EventMessageConfirm","confirm":"3c24231d-2c9c-458b-8a29-45cfb5b139bb","ts":"2025-12-26T15:12:44.328-05:00","source":{"id":"0","name":"eventBus"}}
{"__type":"$$EventMessageWorkflow","id":"357b79e8-8cff-45c4-bcdd-2d81275b140e","ts":"2025-12-26T15:12:44.329-05:00","eventName":"n8n.workflow.success","message":"n8n.workflow.success","payload":{"userId":"76f1c822-eead-4d9d-807f-4cf0b8058c59","executionId":"82","success":true,"isManual":true,"workflowId":"WKP5DQioUa8V33KF","workflowName":"Clasificación automática de incidencias"}}
{"__type":"$$EventMessageConfirm","confirm":"357b79e8-8cff-45c4-bcdd-2d81275b140e","ts":"2025-12-26T15:12:44.329-05:00","source":{"id":"0","name":"eventBus"}}
{"__type":"$$EventMessageWorkflow","id":"2b43a45f-8040-46f4-841f-56edaccb9b95","ts":"2025-12-26T15:12:49.939-05:00","eventName":"n8n.workflow.started","message":"n8n.workflow.started","payload":{"executionId":"83","workflowId":"WKP5DQioUa8V33KF","isManual":false,"workflowName":"Clasificación automática de incidencias"}}
{"__type":"$$EventMessageConfirm","confirm":"2b43a45f-8040-46f4-841f-56edaccb9b95","ts":"2025-12-26T15:12:49.939-05:00","source":{"id":"0","name":"eventBus"}}
{"__type":"$$EventMessageNode","id":"11a7b1bb-a130-42df-b077-a249635429ba","ts":"2025-12-26T15:12:49.940-05:00","eventName":"n8n.node.started","message":"n8n.node.started","payload":{"workflowId":"WKP5DQioUa8V33KF","workflowName":"Clasificación automática de incidencias","executionId":"83","nodeType":"n8n-nodes-base.httpRequest","nodeName":"HTTP Request1","nodeId":"99bffdf2-40e8-45ed-ab23-3984f08a2972"}}
{"__type":"$$EventMessageConfirm","confirm":"11a7b1bb-a130-42df-b077-a249635429ba","ts":"2025-12-26T15:12:49.940-05:00","source":{"id":"0","name":"eventBus"}}
{"__type":"$$EventMessageNode","id":"6dd26799-9a57-4b82-9a76-62cddd490792","ts":"2025-12-26T15:12:49.947-05:00","eventName":"n8n.node.finished","message":"n8n.node.finished","payload":{"workflowId":"WKP5DQioUa8V33KF","workflowName":"Clasificación automática de incidencias","executionId":"83","nodeType":"n8n-nodes-base.httpRequest","nodeName":"HTTP Request1","nodeId":"99bffdf2-40e8-45ed-ab23-3984f08a2972"}}
{"__type":"$$EventMessageConfirm","confirm":"6dd26799-9a57-4b82-9a76-62cddd490792","ts":"2025-12-26T15:12:49.947-05:00","source":{"id":"0","name":"eventBus"}}
{"__type":"$$EventMessageWorkflow","id":"b3faa6be-7235-4eaa-99d0-fce6386cf930","ts":"2025-12-26T15:12:49.948-05:00","eventName":"n8n.workflow.success","message":"n8n.workflow.success","payload":{"userId":"76f1c822-eead-4d9d-807f-4cf0b8058c59","executionId":"83","success":true,"isManual":true,"workflowId":"WKP5DQioUa8V33KF","workflowName":"Clasificación automática de incidencias"}}
{"__type":"$$EventMessageConfirm","confirm":"b3faa6be-7235-4eaa-99d0-fce6386cf930","ts":"2025-12-26T15:12:49.948-05:00","source":{"id":"0","name":"eventBus"}}
{"__type":"$$EventMessageWorkflow","id":"d53f63e7-a84f-4ad3-ade5-e6d19ba67211","ts":"2025-12-26T15:13:00.066-05:00","eventName":"n8n.workflow.started","message":"n8n.workflow.started","payload":{"executionId":"84","workflowId":"WKP5DQioUa8V33KF","isManual":false,"workflowName":"Clasificación automática de incidencias"}}
{"__type":"$$EventMessageConfirm","confirm":"d53f63e7-a84f-4ad3-ade5-e6d19ba67211","ts":"2025-12-26T15:13:00.066-05:00","source":{"id":"0","name":"eventBus"}}
{"__type":"$$EventMessageNode","id":"168fcfa4-9f3c-44df-8b45-adbcbadd2763","ts":"2025-12-26T15:13:00.066-05:00","eventName":"n8n.node.started","message":"n8n.node.started","payload":{"workflowId":"WKP5DQioUa8V33KF","workflowName":"Clasificación automática de incidencias","executionId":"84","nodeType":"n8n-nodes-base.httpRequest","nodeName":"HTTP Request1","nodeId":"99bffdf2-40e8-45ed-ab23-3984f08a2972"}}
{"__type":"$$EventMessageConfirm","confirm":"168fcfa4-9f3c-44df-8b45-adbcbadd2763","ts":"2025-12-26T15:13:00.067-05:00","source":{"id":"0","name":"eventBus"}}
{"__type":"$$EventMessageNode","id":"8f55e426-73f2-43fb-98d4-05b9ee614932","ts":"2025-12-26T15:13:00.072-05:00","eventName":"n8n.node.finished","message":"n8n.node.finished","payload":{"workflowId":"WKP5DQioUa8V33KF","workflowName":"Clasificación automática de incidencias","executionId":"84","nodeType":"n8n-nodes-base.httpRequest","nodeName":"HTTP Request1","nodeId":"99bffdf2-40e8-45ed-ab23-3984f08a2972"}}
{"__type":"$$EventMessageConfirm","confirm":"8f55e426-73f2-43fb-98d4-05b9ee614932","ts":"2025-12-26T15:13:00.072-05:00","source":{"id":"0","name":"eventBus"}}
{"__type":"$$EventMessageWorkflow","id":"aa82ea74-4e80-4741-8157-064aa8936785","ts":"2025-12-26T15:13:00.073-05:00","eventName":"n8n.workflow.success","message":"n8n.workflow.success","payload":{"userId":"76f1c822-eead-4d9d-807f-4cf0b8058c59","executionId":"84","success":true,"isManual":true,"workflowId":"WKP5DQioUa8V33KF","workflowName":"Clasificación automática de incidencias"}}
{"__type":"$$EventMessageConfirm","confirm":"aa82ea74-4e80-4741-8157-064aa8936785","ts":"2025-12-26T15:13:00.073-05:00","source":{"id":"0","name":"eventBus"}}
{"__type":"$$EventMessageWorkflow","id":"02bf17bf-1dcc-41ca-a337-bc71253e2351","ts":"2025-12-26T15:13:19.161-05:00","eventName":"n8n.workflow.started","message":"n8n.workflow.started","payload":{"executionId":"85","workflowId":"WKP5DQioUa8V33KF","isManual":false,"workflowName":"Clasificación automática de incidencias"}}
{"__type":"$$EventMessageConfirm","confirm":"02bf17bf-1dcc-41ca-a337-bc71253e2351","ts":"2025-12-26T15:13:19.161-05:00","source":{"id":"0","name":"eventBus"}}
{"__type":"$$EventMessageNode","id":"74981e8f-e64c-49c3-adb4-55fa07e54ce0","ts":"2025-12-26T15:13:19.162-05:00","eventName":"n8n.node.started","message":"n8n.node.started","payload":{"workflowId":"WKP5DQioUa8V33KF","workflowName":"Clasificación automática de incidencias","executionId":"85","nodeType":"n8n-nodes-base.httpRequest","nodeName":"HTTP Request1","nodeId":"99bffdf2-40e8-45ed-ab23-3984f08a2972"}}
{"__type":"$$EventMessageConfirm","confirm":"74981e8f-e64c-49c3-adb4-55fa07e54ce0","ts":"2025-12-26T15:13:19.162-05:00","source":{"id":"0","name":"eventBus"}}
{"__type":"$$EventMessageNode","id":"20b40fd1-c2d2-4db4-b7a4-655966a9f89f","ts":"2025-12-26T15:13:19.169-05:00","eventName":"n8n.node.finished","message":"n8n.node.finished","payload":{"workflowId":"WKP5DQioUa8V33KF","workflowName":"Clasificación automática de incidencias","executionId":"85","nodeType":"n8n-nodes-base.httpRequest","nodeName":"HTTP Request1","nodeId":"99bffdf2-40e8-45ed-ab23-3984f08a2972"}}
{"__type":"$$EventMessageConfirm","confirm":"20b40fd1-c2d2-4db4-b7a4-655966a9f89f","ts":"2025-12-26T15:13:19.169-05:00","source":{"id":"0","name":"eventBus"}}
{"__type":"$$EventMessageWorkflow","id":"88a12ce9-5a12-4b70-ac45-6b803b270905","ts":"2025-12-26T15:13:19.170-05:00","eventName":"n8n.workflow.success","message":"n8n.workflow.success","payload":{"userId":"76f1c822-eead-4d9d-807f-4cf0b8058c59","executionId":"85","success":true,"isManual":true,"workflowId":"WKP5DQioUa8V33KF","workflowName":"Clasificación automática de incidencias"}}
{"__type":"$$EventMessageConfirm","confirm":"88a12ce9-5a12-4b70-ac45-6b803b270905","ts":"2025-12-26T15:13:19.170-05:00","source":{"id":"0","name":"eventBus"}}
{"__type":"$$EventMessageWorkflow","id":"5dd972a6-f8a6-4b01-8108-534a3586ec85","ts":"2025-12-26T15:13:24.702-05:00","eventName":"n8n.workflow.started","message":"n8n.workflow.started","payload":{"executionId":"86","workflowId":"WKP5DQioUa8V33KF","isManual":false,"workflowName":"Clasificación automática de incidencias"}}
{"__type":"$$EventMessageConfirm","confirm":"5dd972a6-f8a6-4b01-8108-534a3586ec85","ts":"2025-12-26T15:13:24.702-05:00","source":{"id":"0","name":"eventBus"}}
{"__type":"$$EventMessageNode","id":"6926f620-386d-4564-9acb-e05535d470af","ts":"2025-12-26T15:13:24.703-05:00","eventName":"n8n.node.started","message":"n8n.node.started","payload":{"workflowId":"WKP5DQioUa8V33KF","workflowName":"Clasificación automática de incidencias","executionId":"86","nodeType":"n8n-nodes-base.httpRequest","nodeName":"HTTP Request1","nodeId":"99bffdf2-40e8-45ed-ab23-3984f08a2972"}}
{"__type":"$$EventMessageConfirm","confirm":"6926f620-386d-4564-9acb-e05535d470af","ts":"2025-12-26T15:13:24.703-05:00","source":{"id":"0","name":"eventBus"}}
{"__type":"$$EventMessageNode","id":"dd49be2c-2456-4c23-87bc-eb093de039e6","ts":"2025-12-26T15:13:24.705-05:00","eventName":"n8n.node.finished","message":"n8n.node.finished","payload":{"workflowId":"WKP5DQioUa8V33KF","workflowName":"Clasificación automática de incidencias","executionId":"86","nodeType":"n8n-nodes-base.httpRequest","nodeName":"HTTP Request1","nodeId":"99bffdf2-40e8-45ed-ab23-3984f08a2972"}}
{"__type":"$$EventMessageConfirm","confirm":"dd49be2c-2456-4c23-87bc-eb093de039e6","ts":"2025-12-26T15:13:24.705-05:00","source":{"id":"0","name":"eventBus"}}
{"__type":"$$EventMessageWorkflow","id":"dc782885-2c66-4a30-9493-40634abe9fe9","ts":"2025-12-26T15:13:24.706-05:00","eventName":"n8n.workflow.failed","message":"n8n.workflow.failed","payload":{"userId":"76f1c822-eead-4d9d-807f-4cf0b8058c59","executionId":"86","success":false,"isManual":true,"workflowId":"WKP5DQioUa8V33KF","workflowName":"Clasificación automática de incidencias","lastNodeExecuted":"HTTP Request1","errorNodeType":"n8n-nodes-base.httpRequest","errorMessage":"JSON parameter needs to be valid JSON"}}
{"__type":"$$EventMessageConfirm","confirm":"dc782885-2c66-4a30-9493-40634abe9fe9","ts":"2025-12-26T15:13:24.707-05:00","source":{"id":"0","name":"eventBus"}}
{"__type":"$$EventMessageWorkflow","id":"54f9d4cd-6a32-4464-8c43-238f142e9660","ts":"2025-12-26T15:13:26.313-05:00","eventName":"n8n.workflow.started","message":"n8n.workflow.started","payload":{"executionId":"87","workflowId":"WKP5DQioUa8V33KF","isManual":false,"workflowName":"Clasificación automática de incidencias"}}
{"__type":"$$EventMessageConfirm","confirm":"54f9d4cd-6a32-4464-8c43-238f142e9660","ts":"2025-12-26T15:13:26.313-05:00","source":{"id":"0","name":"eventBus"}}
{"__type":"$$EventMessageNode","id":"25702a31-e1a1-4e2f-a42f-d7af77e9f485","ts":"2025-12-26T15:13:26.314-05:00","eventName":"n8n.node.started","message":"n8n.node.started","payload":{"workflowId":"WKP5DQioUa8V33KF","workflowName":"Clasificación automática de incidencias","executionId":"87","nodeType":"n8n-nodes-base.httpRequest","nodeName":"HTTP Request1","nodeId":"99bffdf2-40e8-45ed-ab23-3984f08a2972"}}
{"__type":"$$EventMessageConfirm","confirm":"25702a31-e1a1-4e2f-a42f-d7af77e9f485","ts":"2025-12-26T15:13:26.314-05:00","source":{"id":"0","name":"eventBus"}}
{"__type":"$$EventMessageNode","id":"7907df4e-3661-43b3-b3b0-b09ef7cb843c","ts":"2025-12-26T15:13:26.315-05:00","eventName":"n8n.node.finished","message":"n8n.node.finished","payload":{"workflowId":"WKP5DQioUa8V33KF","workflowName":"Clasificación automática de incidencias","executionId":"87","nodeType":"n8n-nodes-base.httpRequest","nodeName":"HTTP Request1","nodeId":"99bffdf2-40e8-45ed-ab23-3984f08a2972"}}
{"__type":"$$EventMessageConfirm","confirm":"7907df4e-3661-43b3-b3b0-b09ef7cb843c","ts":"2025-12-26T15:13:26.316-05:00","source":{"id":"0","name":"eventBus"}}
{"__type":"$$EventMessageWorkflow","id":"d69c036d-d6b7-49bc-a357-8a4fa7e2f8e2","ts":"2025-12-26T15:13:26.317-05:00","eventName":"n8n.workflow.failed","message":"n8n.workflow.failed","payload":{"userId":"76f1c822-eead-4d9d-807f-4cf0b8058c59","executionId":"87","success":false,"isManual":true,"workflowId":"WKP5DQioUa8V33KF","workflowName":"Clasificación automática de incidencias","lastNodeExecuted":"HTTP Request1","errorNodeType":"n8n-nodes-base.httpRequest","errorMessage":"JSON parameter needs to be valid JSON"}}
{"__type":"$$EventMessageConfirm","confirm":"d69c036d-d6b7-49bc-a357-8a4fa7e2f8e2","ts":"2025-12-26T15:13:26.317-05:00","source":{"id":"0","name":"eventBus"}}
{"__type":"$$EventMessageWorkflow","id":"3674cb59-cb60-4e1e-a403-ce1db0e06448","ts":"2025-12-26T15:16:06.116-05:00","eventName":"n8n.workflow.started","message":"n8n.workflow.started","payload":{"executionId":"88","workflowId":"WKP5DQioUa8V33KF","isManual":false,"workflowName":"Clasificación automática de incidencias"}}
{"__type":"$$EventMessageConfirm","confirm":"3674cb59-cb60-4e1e-a403-ce1db0e06448","ts":"2025-12-26T15:16:06.116-05:00","source":{"id":"0","name":"eventBus"}}
{"__type":"$$EventMessageNode","id":"44718f95-be1a-44f7-95e7-cc2b9469ef3d","ts":"2025-12-26T15:16:06.117-05:00","eventName":"n8n.node.started","message":"n8n.node.started","payload":{"workflowId":"WKP5DQioUa8V33KF","workflowName":"Clasificación automática de incidencias","executionId":"88","nodeType":"n8n-nodes-base.set","nodeName":"Edit Fields","nodeId":"0b9f49d3-250e-445f-aed5-d3255447a118"}}
{"__type":"$$EventMessageConfirm","confirm":"44718f95-be1a-44f7-95e7-cc2b9469ef3d","ts":"2025-12-26T15:16:06.117-05:00","source":{"id":"0","name":"eventBus"}}
{"__type":"$$EventMessageNode","id":"c7b5e1e3-5b27-4e5b-aa5d-ea5788cf10d2","ts":"2025-12-26T15:16:06.124-05:00","eventName":"n8n.node.finished","message":"n8n.node.finished","payload":{"workflowId":"WKP5DQioUa8V33KF","workflowName":"Clasificación automática de incidencias","executionId":"88","nodeType":"n8n-nodes-base.set","nodeName":"Edit Fields","nodeId":"0b9f49d3-250e-445f-aed5-d3255447a118"}}
{"__type":"$$EventMessageConfirm","confirm":"c7b5e1e3-5b27-4e5b-aa5d-ea5788cf10d2","ts":"2025-12-26T15:16:06.124-05:00","source":{"id":"0","name":"eventBus"}}
{"__type":"$$EventMessageWorkflow","id":"deabbfb1-bbf4-4ac8-8819-6221440d9477","ts":"2025-12-26T15:16:06.126-05:00","eventName":"n8n.workflow.success","message":"n8n.workflow.success","payload":{"userId":"76f1c822-eead-4d9d-807f-4cf0b8058c59","executionId":"88","success":true,"isManual":true,"workflowId":"WKP5DQioUa8V33KF","workflowName":"Clasificación automática de incidencias"}}
{"__type":"$$EventMessageConfirm","confirm":"deabbfb1-bbf4-4ac8-8819-6221440d9477","ts":"2025-12-26T15:16:06.126-05:00","source":{"id":"0","name":"eventBus"}}
{"__type":"$$EventMessageWorkflow","id":"49d07cb8-b059-4adf-b24b-9c25460c4538","ts":"2025-12-26T15:16:12.290-05:00","eventName":"n8n.workflow.started","message":"n8n.workflow.started","payload":{"executionId":"89","workflowId":"WKP5DQioUa8V33KF","isManual":false,"workflowName":"Clasificación automática de incidencias"}}
{"__type":"$$EventMessageConfirm","confirm":"49d07cb8-b059-4adf-b24b-9c25460c4538","ts":"2025-12-26T15:16:12.290-05:00","source":{"id":"0","name":"eventBus"}}
{"__type":"$$EventMessageNode","id":"62ab3ec4-af9c-4a8b-9215-885ad8909499","ts":"2025-12-26T15:16:12.291-05:00","eventName":"n8n.node.started","message":"n8n.node.started","payload":{"workflowId":"WKP5DQioUa8V33KF","workflowName":"Clasificación automática de incidencias","executionId":"89","nodeType":"n8n-nodes-base.httpRequest","nodeName":"HTTP Request1","nodeId":"99bffdf2-40e8-45ed-ab23-3984f08a2972"}}
{"__type":"$$EventMessageConfirm","confirm":"62ab3ec4-af9c-4a8b-9215-885ad8909499","ts":"2025-12-26T15:16:12.291-05:00","source":{"id":"0","name":"eventBus"}}
{"__type":"$$EventMessageNode","id":"b8f61c72-16dd-45d5-823d-062831e4de26","ts":"2025-12-26T15:16:12.293-05:00","eventName":"n8n.node.finished","message":"n8n.node.finished","payload":{"workflowId":"WKP5DQioUa8V33KF","workflowName":"Clasificación automática de incidencias","executionId":"89","nodeType":"n8n-nodes-base.httpRequest","nodeName":"HTTP Request1","nodeId":"99bffdf2-40e8-45ed-ab23-3984f08a2972"}}
{"__type":"$$EventMessageConfirm","confirm":"b8f61c72-16dd-45d5-823d-062831e4de26","ts":"2025-12-26T15:16:12.293-05:00","source":{"id":"0","name":"eventBus"}}
{"__type":"$$EventMessageWorkflow","id":"8c24e336-ebe8-4df4-84d8-8786c48f28ef","ts":"2025-12-26T15:16:12.294-05:00","eventName":"n8n.workflow.failed","message":"n8n.workflow.failed","payload":{"userId":"76f1c822-eead-4d9d-807f-4cf0b8058c59","executionId":"89","success":false,"isManual":true,"workflowId":"WKP5DQioUa8V33KF","workflowName":"Clasificación automática de incidencias","lastNodeExecuted":"HTTP Request1","errorNodeType":"n8n-nodes-base.httpRequest","errorMessage":"JSON parameter needs to be valid JSON"}}
{"__type":"$$EventMessageConfirm","confirm":"8c24e336-ebe8-4df4-84d8-8786c48f28ef","ts":"2025-12-26T15:16:12.294-05:00","source":{"id":"0","name":"eventBus"}}
{"__type":"$$EventMessageWorkflow","id":"97ad74ab-afcf-4afc-90d8-27ad7a29469c","ts":"2025-12-26T15:16:13.521-05:00","eventName":"n8n.workflow.started","message":"n8n.workflow.started","payload":{"executionId":"90","workflowId":"WKP5DQioUa8V33KF","isManual":false,"workflowName":"Clasificación automática de incidencias"}}
{"__type":"$$EventMessageConfirm","confirm":"97ad74ab-afcf-4afc-90d8-27ad7a29469c","ts":"2025-12-26T15:16:13.521-05:00","source":{"id":"0","name":"eventBus"}}
{"__type":"$$EventMessageNode","id":"103e8df4-409e-4981-86da-3ad8843b1c27","ts":"2025-12-26T15:16:13.522-05:00","eventName":"n8n.node.started","message":"n8n.node.started","payload":{"workflowId":"WKP5DQioUa8V33KF","workflowName":"Clasificación automática de incidencias","executionId":"90","nodeType":"n8n-nodes-base.httpRequest","nodeName":"HTTP Request1","nodeId":"99bffdf2-40e8-45ed-ab23-3984f08a2972"}}
{"__type":"$$EventMessageConfirm","confirm":"103e8df4-409e-4981-86da-3ad8843b1c27","ts":"2025-12-26T15:16:13.522-05:00","source":{"id":"0","name":"eventBus"}}
{"__type":"$$EventMessageNode","id":"a1412533-8a48-47c4-a726-91414338c7e2","ts":"2025-12-26T15:16:13.524-05:00","eventName":"n8n.node.finished","message":"n8n.node.finished","payload":{"workflowId":"WKP5DQioUa8V33KF","workflowName":"Clasificación automática de incidencias","executionId":"90","nodeType":"n8n-nodes-base.httpRequest","nodeName":"HTTP Request1","nodeId":"99bffdf2-40e8-45ed-ab23-3984f08a2972"}}
{"__type":"$$EventMessageConfirm","confirm":"a1412533-8a48-47c4-a726-91414338c7e2","ts":"2025-12-26T15:16:13.524-05:00","source":{"id":"0","name":"eventBus"}}
{"__type":"$$EventMessageWorkflow","id":"286612ca-9a5d-488f-9e4d-65330e525c50","ts":"2025-12-26T15:16:13.525-05:00","eventName":"n8n.workflow.failed","message":"n8n.workflow.failed","payload":{"userId":"76f1c822-eead-4d9d-807f-4cf0b8058c59","executionId":"90","success":false,"isManual":true,"workflowId":"WKP5DQioUa8V33KF","workflowName":"Clasificación automática de incidencias","lastNodeExecuted":"HTTP Request1","errorNodeType":"n8n-nodes-base.httpRequest","errorMessage":"JSON parameter needs to be valid JSON"}}
{"__type":"$$EventMessageConfirm","confirm":"286612ca-9a5d-488f-9e4d-65330e525c50","ts":"2025-12-26T15:16:13.525-05:00","source":{"id":"0","name":"eventBus"}}
{"__type":"$$EventMessageWorkflow","id":"8ca03811-d361-4c41-a973-4c1b3a8c4dbf","ts":"2025-12-26T15:16:17.668-05:00","eventName":"n8n.workflow.started","message":"n8n.workflow.started","payload":{"executionId":"91","workflowId":"WKP5DQioUa8V33KF","isManual":false,"workflowName":"Clasificación automática de incidencias"}}
{"__type":"$$EventMessageConfirm","confirm":"8ca03811-d361-4c41-a973-4c1b3a8c4dbf","ts":"2025-12-26T15:16:17.668-05:00","source":{"id":"0","name":"eventBus"}}
{"__type":"$$EventMessageNode","id":"93fa3c59-158e-4989-8b92-cd23f68f91ee","ts":"2025-12-26T15:16:17.669-05:00","eventName":"n8n.node.started","message":"n8n.node.started","payload":{"workflowId":"WKP5DQioUa8V33KF","workflowName":"Clasificación automática de incidencias","executionId":"91","nodeType":"n8n-nodes-base.httpRequest","nodeName":"HTTP Request1","nodeId":"99bffdf2-40e8-45ed-ab23-3984f08a2972"}}
{"__type":"$$EventMessageConfirm","confirm":"93fa3c59-158e-4989-8b92-cd23f68f91ee","ts":"2025-12-26T15:16:17.669-05:00","source":{"id":"0","name":"eventBus"}}
{"__type":"$$EventMessageNode","id":"40019ca6-2ae7-4fb0-a113-e6e04d3fba09","ts":"2025-12-26T15:16:17.670-05:00","eventName":"n8n.node.finished","message":"n8n.node.finished","payload":{"workflowId":"WKP5DQioUa8V33KF","workflowName":"Clasificación automática de incidencias","executionId":"91","nodeType":"n8n-nodes-base.httpRequest","nodeName":"HTTP Request1","nodeId":"99bffdf2-40e8-45ed-ab23-3984f08a2972"}}
{"__type":"$$EventMessageConfirm","confirm":"40019ca6-2ae7-4fb0-a113-e6e04d3fba09","ts":"2025-12-26T15:16:17.670-05:00","source":{"id":"0","name":"eventBus"}}
{"__type":"$$EventMessageWorkflow","id":"30bbddcd-9b6f-4bdf-94db-57522181249f","ts":"2025-12-26T15:16:17.671-05:00","eventName":"n8n.workflow.failed","message":"n8n.workflow.failed","payload":{"userId":"76f1c822-eead-4d9d-807f-4cf0b8058c59","executionId":"91","success":false,"isManual":true,"workflowId":"WKP5DQioUa8V33KF","workflowName":"Clasificación automática de incidencias","lastNodeExecuted":"HTTP Request1","errorNodeType":"n8n-nodes-base.httpRequest","errorMessage":"JSON parameter needs to be valid JSON"}}
{"__type":"$$EventMessageConfirm","confirm":"30bbddcd-9b6f-4bdf-94db-57522181249f","ts":"2025-12-26T15:16:17.671-05:00","source":{"id":"0","name":"eventBus"}}
{"__type":"$$EventMessageWorkflow","id":"f2064e03-c692-4053-947a-7542c1cb3ced","ts":"2025-12-26T15:16:41.724-05:00","eventName":"n8n.workflow.started","message":"n8n.workflow.started","payload":{"executionId":"92","workflowId":"WKP5DQioUa8V33KF","isManual":false,"workflowName":"Clasificación automática de incidencias"}}
{"__type":"$$EventMessageConfirm","confirm":"f2064e03-c692-4053-947a-7542c1cb3ced","ts":"2025-12-26T15:16:41.725-05:00","source":{"id":"0","name":"eventBus"}}
{"__type":"$$EventMessageNode","id":"9771b208-d93a-4c69-897e-ec6a51f4d12c","ts":"2025-12-26T15:16:41.725-05:00","eventName":"n8n.node.started","message":"n8n.node.started","payload":{"workflowId":"WKP5DQioUa8V33KF","workflowName":"Clasificación automática de incidencias","executionId":"92","nodeType":"n8n-nodes-base.httpRequest","nodeName":"HTTP Request1","nodeId":"99bffdf2-40e8-45ed-ab23-3984f08a2972"}}
{"__type":"$$EventMessageConfirm","confirm":"9771b208-d93a-4c69-897e-ec6a51f4d12c","ts":"2025-12-26T15:16:41.725-05:00","source":{"id":"0","name":"eventBus"}}
{"__type":"$$EventMessageNode","id":"802c5687-9f6d-40e5-b695-721877a81cbb","ts":"2025-12-26T15:16:41.731-05:00","eventName":"n8n.node.finished","message":"n8n.node.finished","payload":{"workflowId":"WKP5DQioUa8V33KF","workflowName":"Clasificación automática de incidencias","executionId":"92","nodeType":"n8n-nodes-base.httpRequest","nodeName":"HTTP Request1","nodeId":"99bffdf2-40e8-45ed-ab23-3984f08a2972"}}
{"__type":"$$EventMessageConfirm","confirm":"802c5687-9f6d-40e5-b695-721877a81cbb","ts":"2025-12-26T15:16:41.731-05:00","source":{"id":"0","name":"eventBus"}}
{"__type":"$$EventMessageWorkflow","id":"c55550eb-8801-4fb0-9d03-150dd0acd83e","ts":"2025-12-26T15:16:41.733-05:00","eventName":"n8n.workflow.success","message":"n8n.workflow.success","payload":{"userId":"76f1c822-eead-4d9d-807f-4cf0b8058c59","executionId":"92","success":true,"isManual":true,"workflowId":"WKP5DQioUa8V33KF","workflowName":"Clasificación automática de incidencias"}}
{"__type":"$$EventMessageConfirm","confirm":"c55550eb-8801-4fb0-9d03-150dd0acd83e","ts":"2025-12-26T15:16:41.733-05:00","source":{"id":"0","name":"eventBus"}}
{"__type":"$$EventMessageWorkflow","id":"a431b2e0-87ec-46d1-b541-c503063d0697","ts":"2025-12-26T15:19:47.316-05:00","eventName":"n8n.workflow.started","message":"n8n.workflow.started","payload":{"executionId":"93","workflowId":"WKP5DQioUa8V33KF","isManual":false,"workflowName":"Clasificación automática de incidencias"}}
{"__type":"$$EventMessageConfirm","confirm":"a431b2e0-87ec-46d1-b541-c503063d0697","ts":"2025-12-26T15:19:47.316-05:00","source":{"id":"0","name":"eventBus"}}
{"__type":"$$EventMessageNode","id":"bb4c0df9-d012-4cfc-9774-f1f00132ab04","ts":"2025-12-26T15:19:47.317-05:00","eventName":"n8n.node.started","message":"n8n.node.started","payload":{"workflowId":"WKP5DQioUa8V33KF","workflowName":"Clasificación automática de incidencias","executionId":"93","nodeType":"n8n-nodes-base.set","nodeName":"Edit Fields1","nodeId":"bd807ba7-bc1d-4f5c-8f93-98217bcd5a50"}}
{"__type":"$$EventMessageConfirm","confirm":"bb4c0df9-d012-4cfc-9774-f1f00132ab04","ts":"2025-12-26T15:19:47.317-05:00","source":{"id":"0","name":"eventBus"}}
{"__type":"$$EventMessageNode","id":"7bbabb6d-71ba-4c6f-ba75-c3f53d395c12","ts":"2025-12-26T15:19:47.332-05:00","eventName":"n8n.node.finished","message":"n8n.node.finished","payload":{"workflowId":"WKP5DQioUa8V33KF","workflowName":"Clasificación automática de incidencias","executionId":"93","nodeType":"n8n-nodes-base.set","nodeName":"Edit Fields1","nodeId":"bd807ba7-bc1d-4f5c-8f93-98217bcd5a50"}}
{"__type":"$$EventMessageConfirm","confirm":"7bbabb6d-71ba-4c6f-ba75-c3f53d395c12","ts":"2025-12-26T15:19:47.332-05:00","source":{"id":"0","name":"eventBus"}}
{"__type":"$$EventMessageWorkflow","id":"2785ebbd-90b2-44af-8fbc-6ea2e7ef498f","ts":"2025-12-26T15:19:47.333-05:00","eventName":"n8n.workflow.success","message":"n8n.workflow.success","payload":{"userId":"76f1c822-eead-4d9d-807f-4cf0b8058c59","executionId":"93","success":true,"isManual":true,"workflowId":"WKP5DQioUa8V33KF","workflowName":"Clasificación automática de incidencias"}}
{"__type":"$$EventMessageConfirm","confirm":"2785ebbd-90b2-44af-8fbc-6ea2e7ef498f","ts":"2025-12-26T15:19:47.334-05:00","source":{"id":"0","name":"eventBus"}}
{"__type":"$$EventMessageWorkflow","id":"573076b2-6258-42c4-8fa2-abf5966520ba","ts":"2025-12-26T15:19:50.684-05:00","eventName":"n8n.workflow.started","message":"n8n.workflow.started","payload":{"executionId":"94","workflowId":"WKP5DQioUa8V33KF","isManual":false,"workflowName":"Clasificación automática de incidencias"}}
{"__type":"$$EventMessageConfirm","confirm":"573076b2-6258-42c4-8fa2-abf5966520ba","ts":"2025-12-26T15:19:50.684-05:00","source":{"id":"0","name":"eventBus"}}
{"__type":"$$EventMessageNode","id":"de494b3d-c112-4d33-b7e9-ad06a4364986","ts":"2025-12-26T15:19:50.685-05:00","eventName":"n8n.node.started","message":"n8n.node.started","payload":{"workflowId":"WKP5DQioUa8V33KF","workflowName":"Clasificación automática de incidencias","executionId":"94","nodeType":"n8n-nodes-base.if","nodeName":"If1","nodeId":"2ad1485f-6137-4dbb-bb47-e93ac144911c"}}
{"__type":"$$EventMessageConfirm","confirm":"de494b3d-c112-4d33-b7e9-ad06a4364986","ts":"2025-12-26T15:19:50.685-05:00","source":{"id":"0","name":"eventBus"}}
{"__type":"$$EventMessageNode","id":"3c8d5d62-ccdc-4767-8fae-2dbd59c1a34c","ts":"2025-12-26T15:19:50.690-05:00","eventName":"n8n.node.finished","message":"n8n.node.finished","payload":{"workflowId":"WKP5DQioUa8V33KF","workflowName":"Clasificación automática de incidencias","executionId":"94","nodeType":"n8n-nodes-base.if","nodeName":"If1","nodeId":"2ad1485f-6137-4dbb-bb47-e93ac144911c"}}
{"__type":"$$EventMessageConfirm","confirm":"3c8d5d62-ccdc-4767-8fae-2dbd59c1a34c","ts":"2025-12-26T15:19:50.690-05:00","source":{"id":"0","name":"eventBus"}}
{"__type":"$$EventMessageWorkflow","id":"16da0b7e-be45-4de4-b1f8-0a1802fe13ff","ts":"2025-12-26T15:19:50.691-05:00","eventName":"n8n.workflow.success","message":"n8n.workflow.success","payload":{"userId":"76f1c822-eead-4d9d-807f-4cf0b8058c59","executionId":"94","success":true,"isManual":true,"workflowId":"WKP5DQioUa8V33KF","workflowName":"Clasificación automática de incidencias"}}
{"__type":"$$EventMessageConfirm","confirm":"16da0b7e-be45-4de4-b1f8-0a1802fe13ff","ts":"2025-12-26T15:19:50.691-05:00","source":{"id":"0","name":"eventBus"}}
{"__type":"$$EventMessageWorkflow","id":"ae1109c7-0d7b-4bbc-9b89-d9db3e2e4b26","ts":"2025-12-26T15:20:11.184-05:00","eventName":"n8n.workflow.started","message":"n8n.workflow.started","payload":{"executionId":"95","workflowId":"WKP5DQioUa8V33KF","isManual":false,"workflowName":"Clasificación automática de incidencias"}}
{"__type":"$$EventMessageConfirm","confirm":"ae1109c7-0d7b-4bbc-9b89-d9db3e2e4b26","ts":"2025-12-26T15:20:11.184-05:00","source":{"id":"0","name":"eventBus"}}
{"__type":"$$EventMessageNode","id":"04553012-002c-4b2c-9d89-84b14d5a9522","ts":"2025-12-26T15:20:11.184-05:00","eventName":"n8n.node.started","message":"n8n.node.started","payload":{"workflowId":"WKP5DQioUa8V33KF","workflowName":"Clasificación automática de incidencias","executionId":"95","nodeType":"n8n-nodes-base.emailSend","nodeName":"Send email","nodeId":"5ee87364-ca98-4b2c-84e6-3fb1c0d825ad"}}
{"__type":"$$EventMessageConfirm","confirm":"04553012-002c-4b2c-9d89-84b14d5a9522","ts":"2025-12-26T15:20:11.185-05:00","source":{"id":"0","name":"eventBus"}}
{"__type":"$$EventMessageNode","id":"840b14e3-1011-4784-8520-dfed49de1c61","ts":"2025-12-26T15:20:12.423-05:00","eventName":"n8n.node.finished","message":"n8n.node.finished","payload":{"workflowId":"WKP5DQioUa8V33KF","workflowName":"Clasificación automática de incidencias","executionId":"95","nodeType":"n8n-nodes-base.emailSend","nodeName":"Send email","nodeId":"5ee87364-ca98-4b2c-84e6-3fb1c0d825ad"}}
{"__type":"$$EventMessageConfirm","confirm":"840b14e3-1011-4784-8520-dfed49de1c61","ts":"2025-12-26T15:20:12.423-05:00","source":{"id":"0","name":"eventBus"}}
{"__type":"$$EventMessageWorkflow","id":"0cfd296d-787a-4fa1-b96d-6302ff4923bd","ts":"2025-12-26T15:20:12.425-05:00","eventName":"n8n.workflow.success","message":"n8n.workflow.success","payload":{"userId":"76f1c822-eead-4d9d-807f-4cf0b8058c59","executionId":"95","success":true,"isManual":true,"workflowId":"WKP5DQioUa8V33KF","workflowName":"Clasificación automática de incidencias"}}
{"__type":"$$EventMessageConfirm","confirm":"0cfd296d-787a-4fa1-b96d-6302ff4923bd","ts":"2025-12-26T15:20:12.425-05:00","source":{"id":"0","name":"eventBus"}}
{"__type":"$$EventMessageWorkflow","id":"dde66332-b46a-4c58-9c7d-acf607c4d131","ts":"2025-12-26T15:22:12.776-05:00","eventName":"n8n.workflow.started","message":"n8n.workflow.started","payload":{"executionId":"96","workflowId":"WKP5DQioUa8V33KF","isManual":false,"workflowName":"Clasificación automática de incidencias"}}
{"__type":"$$EventMessageConfirm","confirm":"dde66332-b46a-4c58-9c7d-acf607c4d131","ts":"2025-12-26T15:22:12.776-05:00","source":{"id":"0","name":"eventBus"}}
{"__type":"$$EventMessageNode","id":"a753f8c6-bbc5-4406-a0c8-50971003a399","ts":"2025-12-26T15:22:12.777-05:00","eventName":"n8n.node.started","message":"n8n.node.started","payload":{"workflowId":"WKP5DQioUa8V33KF","workflowName":"Clasificación automática de incidencias","executionId":"96","nodeType":"n8n-nodes-base.emailSend","nodeName":"Send email","nodeId":"5ee87364-ca98-4b2c-84e6-3fb1c0d825ad"}}
{"__type":"$$EventMessageConfirm","confirm":"a753f8c6-bbc5-4406-a0c8-50971003a399","ts":"2025-12-26T15:22:12.777-05:00","source":{"id":"0","name":"eventBus"}}
{"__type":"$$EventMessageNode","id":"761ed04e-86d5-448c-a48f-ce0c1219c732","ts":"2025-12-26T15:22:13.980-05:00","eventName":"n8n.node.finished","message":"n8n.node.finished","payload":{"workflowId":"WKP5DQioUa8V33KF","workflowName":"Clasificación automática de incidencias","executionId":"96","nodeType":"n8n-nodes-base.emailSend","nodeName":"Send email","nodeId":"5ee87364-ca98-4b2c-84e6-3fb1c0d825ad"}}
{"__type":"$$EventMessageConfirm","confirm":"761ed04e-86d5-448c-a48f-ce0c1219c732","ts":"2025-12-26T15:22:13.981-05:00","source":{"id":"0","name":"eventBus"}}
{"__type":"$$EventMessageWorkflow","id":"8bba199b-aa31-44e6-8de0-f685c90d9d6f","ts":"2025-12-26T15:22:13.983-05:00","eventName":"n8n.workflow.success","message":"n8n.workflow.success","payload":{"userId":"76f1c822-eead-4d9d-807f-4cf0b8058c59","executionId":"96","success":true,"isManual":true,"workflowId":"WKP5DQioUa8V33KF","workflowName":"Clasificación automática de incidencias"}}
{"__type":"$$EventMessageConfirm","confirm":"8bba199b-aa31-44e6-8de0-f685c90d9d6f","ts":"2025-12-26T15:22:13.983-05:00","source":{"id":"0","name":"eventBus"}}
{"__type":"$$EventMessageAudit","id":"7da7ef55-f1e2-40d8-8c7a-3cdb3eb458ea","ts":"2025-12-26T15:23:14.939-05:00","eventName":"n8n.audit.workflow.updated","message":"n8n.audit.workflow.updated","payload":{"userId":"76f1c822-eead-4d9d-807f-4cf0b8058c59","_email":"pgertela@gmail.com","_firstName":"pgertela","_lastName":"pgertela","globalRole":"global:owner","workflowId":"WKP5DQioUa8V33KF","workflowName":"Clasificación automática de incidencias"}}
{"__type":"$$EventMessageConfirm","confirm":"7da7ef55-f1e2-40d8-8c7a-3cdb3eb458ea","ts":"2025-12-26T15:23:14.939-05:00","source":{"id":"0","name":"eventBus"}}
