{"__type":"$$EventMessageWorkflow","id":"2c89b6b4-93cb-4b31-8125-a4803a296995","ts":"2025-12-26T19:00:34.305+00:00","eventName":"n8n.workflow.started","message":"n8n.workflow.started","payload":{"executionId":"38","workflowId":"WKP5DQioUa8V33KF","isManual":false,"workflowName":"Clasificación automática de incidencias"}}
{"__type":"$$EventMessageConfirm","confirm":"2c89b6b4-93cb-4b31-8125-a4803a296995","ts":"2025-12-26T19:00:34.305+00:00","source":{"id":"0","name":"eventBus"}}
{"__type":"$$EventMessageNode","id":"a8b7744f-de62-4471-adbf-6ac8b91ac0d2","ts":"2025-12-26T19:00:34.307+00:00","eventName":"n8n.node.started","message":"n8n.node.started","payload":{"workflowId":"WKP5DQioUa8V33KF","workflowName":"Clasificación automática de incidencias","executionId":"38","nodeType":"n8n-nodes-base.emailReadImap","nodeName":"Email Trigger (IMAP)","nodeId":"58852f51-b7be-4ba9-b003-703e200fedb2"}}
{"__type":"$$EventMessageConfirm","confirm":"a8b7744f-de62-4471-adbf-6ac8b91ac0d2","ts":"2025-12-26T19:00:34.307+00:00","source":{"id":"0","name":"eventBus"}}
{"__type":"$$EventMessageNode","id":"f022a511-d962-48b5-8165-487656376e65","ts":"2025-12-26T19:00:37.581+00:00","eventName":"n8n.node.finished","message":"n8n.node.finished","payload":{"workflowId":"WKP5DQioUa8V33KF","workflowName":"Clasificación automática de incidencias","executionId":"38","nodeType":"n8n-nodes-base.emailReadImap","nodeName":"Email Trigger (IMAP)","nodeId":"58852f51-b7be-4ba9-b003-703e200fedb2"}}
{"__type":"$$EventMessageConfirm","confirm":"f022a511-d962-48b5-8165-487656376e65","ts":"2025-12-26T19:00:37.582+00:00","source":{"id":"0","name":"eventBus"}}
{"__type":"$$EventMessageNode","id":"5d234531-4351-4298-8067-894168be6c56","ts":"2025-12-26T19:00:37.583+00:00","eventName":"n8n.node.started","message":"n8n.node.started","payload":{"workflowId":"WKP5DQioUa8V33KF","workflowName":"Clasificación automática de incidencias","executionId":"38","nodeType":"n8n-nodes-base.set","nodeName":"Edit Fields","nodeId":"90da13a1-db01-4510-a3c7-1876b5fcbbaf"}}
{"__type":"$$EventMessageConfirm","confirm":"5d234531-4351-4298-8067-894168be6c56","ts":"2025-12-26T19:00:37.583+00:00","source":{"id":"0","name":"eventBus"}}
{"__type":"$$EventMessageNode","id":"10bf5a3a-eee9-4263-8513-8941fb7b11be","ts":"2025-12-26T14:00:37.639-05:00","eventName":"n8n.node.finished","message":"n8n.node.finished","payload":{"workflowId":"WKP5DQioUa8V33KF","workflowName":"Clasificación automática de incidencias","executionId":"38","nodeType":"n8n-nodes-base.set","nodeName":"Edit Fields","nodeId":"90da13a1-db01-4510-a3c7-1876b5fcbbaf"}}
{"__type":"$$EventMessageConfirm","confirm":"10bf5a3a-eee9-4263-8513-8941fb7b11be","ts":"2025-12-26T14:00:37.639-05:00","source":{"id":"0","name":"eventBus"}}
{"__type":"$$EventMessageNode","id":"6065bb1b-d6f3-4b04-8819-b3bfc567f1b2","ts":"2025-12-26T14:00:37.640-05:00","eventName":"n8n.node.started","message":"n8n.node.started","payload":{"workflowId":"WKP5DQioUa8V33KF","workflowName":"Clasificación automática de incidencias","executionId":"38","nodeType":"n8n-nodes-base.httpRequest","nodeName":"HTTP Request","nodeId":"37bd2505-e1c2-479d-822a-07dedaa70202"}}
{"__type":"$$EventMessageConfirm","confirm":"6065bb1b-d6f3-4b04-8819-b3bfc567f1b2","ts":"2025-12-26T14:00:37.640-05:00","source":{"id":"0","name":"eventBus"}}
{"__type":"$$EventMessageNode","id":"c324513a-8db7-4d25-bea8-cdf53a5122ce","ts":"2025-12-26T14:00:37.668-05:00","eventName":"n8n.node.finished","message":"n8n.node.finished","payload":{"workflowId":"WKP5DQioUa8V33KF","workflowName":"Clasificación automática de incidencias","executionId":"38","nodeType":"n8n-nodes-base.httpRequest","nodeName":"HTTP Request","nodeId":"37bd2505-e1c2-479d-822a-07dedaa70202"}}
{"__type":"$$EventMessageConfirm","confirm":"c324513a-8db7-4d25-bea8-cdf53a5122ce","ts":"2025-12-26T14:00:37.668-05:00","source":{"id":"0","name":"eventBus"}}
{"__type":"$$EventMessageNode","id":"bccb3ecb-1303-4149-b40e-d50024e05e08","ts":"2025-12-26T14:00:37.669-05:00","eventName":"n8n.node.started","message":"n8n.node.started","payload":{"workflowId":"WKP5DQioUa8V33KF","workflowName":"Clasificación automática de incidencias","executionId":"38","nodeType":"n8n-nodes-base.set","nodeName":"Edit Fields1","nodeId":"b51c0a71-f681-47c7-9222-540dc8bea48d"}}
{"__type":"$$EventMessageConfirm","confirm":"bccb3ecb-1303-4149-b40e-d50024e05e08","ts":"2025-12-26T14:00:37.669-05:00","source":{"id":"0","name":"eventBus"}}
{"__type":"$$EventMessageNode","id":"a1a48b29-8e58-4bfa-a698-9831fe1999c3","ts":"2025-12-26T14:00:37.689-05:00","eventName":"n8n.node.finished","message":"n8n.node.finished","payload":{"workflowId":"WKP5DQioUa8V33KF","workflowName":"Clasificación automática de incidencias","executionId":"38","nodeType":"n8n-nodes-base.set","nodeName":"Edit Fields1","nodeId":"b51c0a71-f681-47c7-9222-540dc8bea48d"}}
{"__type":"$$EventMessageConfirm","confirm":"a1a48b29-8e58-4bfa-a698-9831fe1999c3","ts":"2025-12-26T14:00:37.689-05:00","source":{"id":"0","name":"eventBus"}}
{"__type":"$$EventMessageNode","id":"3147e10a-e539-4b7e-9707-32543e881420","ts":"2025-12-26T14:00:37.690-05:00","eventName":"n8n.node.started","message":"n8n.node.started","payload":{"workflowId":"WKP5DQioUa8V33KF","workflowName":"Clasificación automática de incidencias","executionId":"38","nodeType":"n8n-nodes-base.if","nodeName":"If","nodeId":"404b5bf5-c46f-471e-b003-1600b8d3b5f8"}}
{"__type":"$$EventMessageConfirm","confirm":"3147e10a-e539-4b7e-9707-32543e881420","ts":"2025-12-26T14:00:37.690-05:00","source":{"id":"0","name":"eventBus"}}
{"__type":"$$EventMessageNode","id":"6b7806c9-c3f8-424b-a0e0-27b98487735f","ts":"2025-12-26T14:00:37.695-05:00","eventName":"n8n.node.finished","message":"n8n.node.finished","payload":{"workflowId":"WKP5DQioUa8V33KF","workflowName":"Clasificación automática de incidencias","executionId":"38","nodeType":"n8n-nodes-base.if","nodeName":"If","nodeId":"404b5bf5-c46f-471e-b003-1600b8d3b5f8"}}
{"__type":"$$EventMessageConfirm","confirm":"6b7806c9-c3f8-424b-a0e0-27b98487735f","ts":"2025-12-26T14:00:37.695-05:00","source":{"id":"0","name":"eventBus"}}
{"__type":"$$EventMessageNode","id":"c484c8f1-116b-4ec6-894f-29b64dac362b","ts":"2025-12-26T14:00:37.696-05:00","eventName":"n8n.node.started","message":"n8n.node.started","payload":{"workflowId":"WKP5DQioUa8V33KF","workflowName":"Clasificación automática de incidencias","executionId":"38","nodeType":"n8n-nodes-base.emailSend","nodeName":"Send email1","nodeId":"2397fad5-6cea-4087-9fa7-9e936c64d6ef"}}
{"__type":"$$EventMessageConfirm","confirm":"c484c8f1-116b-4ec6-894f-29b64dac362b","ts":"2025-12-26T14:00:37.696-05:00","source":{"id":"0","name":"eventBus"}}
{"__type":"$$EventMessageNode","id":"1f540a57-62a4-4f2d-801d-350b1bdcde78","ts":"2025-12-26T14:00:39.803-05:00","eventName":"n8n.node.finished","message":"n8n.node.finished","payload":{"workflowId":"WKP5DQioUa8V33KF","workflowName":"Clasificación automática de incidencias","executionId":"38","nodeType":"n8n-nodes-base.emailSend","nodeName":"Send email1","nodeId":"2397fad5-6cea-4087-9fa7-9e936c64d6ef"}}
{"__type":"$$EventMessageConfirm","confirm":"1f540a57-62a4-4f2d-801d-350b1bdcde78","ts":"2025-12-26T14:00:39.803-05:00","source":{"id":"0","name":"eventBus"}}
{"__type":"$$EventMessageWorkflow","id":"1c89eb21-2a02-4481-b1a8-70d55287bf39","ts":"2025-12-26T14:00:39.808-05:00","eventName":"n8n.workflow.success","message":"n8n.workflow.success","payload":{"userId":"76f1c822-eead-4d9d-807f-4cf0b8058c59","executionId":"38","success":true,"isManual":true,"workflowId":"WKP5DQioUa8V33KF","workflowName":"Clasificación automática de incidencias"}}
{"__type":"$$EventMessageConfirm","confirm":"1c89eb21-2a02-4481-b1a8-70d55287bf39","ts":"2025-12-26T14:00:39.808-05:00","source":{"id":"0","name":"eventBus"}}
{"__type":"$$EventMessageWorkflow","id":"bcaced5a-fbca-46bc-8a64-e4ded3001248","ts":"2025-12-26T14:03:19.904-05:00","eventName":"n8n.workflow.started","message":"n8n.workflow.started","payload":{"executionId":"39","workflowId":"WKP5DQioUa8V33KF","isManual":false,"workflowName":"Clasificación automática de incidencias"}}
{"__type":"$$EventMessageConfirm","confirm":"bcaced5a-fbca-46bc-8a64-e4ded3001248","ts":"2025-12-26T14:03:19.904-05:00","source":{"id":"0","name":"eventBus"}}
{"__type":"$$EventMessageNode","id":"348a4c58-3e6a-4e75-aad4-edb57b2dc90b","ts":"2025-12-26T14:03:19.905-05:00","eventName":"n8n.node.started","message":"n8n.node.started","payload":{"workflowId":"WKP5DQioUa8V33KF","workflowName":"Clasificación automática de incidencias","executionId":"39","nodeType":"n8n-nodes-base.httpRequest","nodeName":"HTTP Request","nodeId":"37bd2505-e1c2-479d-822a-07dedaa70202"}}
{"__type":"$$EventMessageConfirm","confirm":"348a4c58-3e6a-4e75-aad4-edb57b2dc90b","ts":"2025-12-26T14:03:19.905-05:00","source":{"id":"0","name":"eventBus"}}
{"__type":"$$EventMessageNode","id":"1db1c999-1e52-4b6a-8b20-01ffc1575f26","ts":"2025-12-26T14:03:19.936-05:00","eventName":"n8n.node.finished","message":"n8n.node.finished","payload":{"workflowId":"WKP5DQioUa8V33KF","workflowName":"Clasificación automática de incidencias","executionId":"39","nodeType":"n8n-nodes-base.httpRequest","nodeName":"HTTP Request","nodeId":"37bd2505-e1c2-479d-822a-07dedaa70202"}}
{"__type":"$$EventMessageConfirm","confirm":"1db1c999-1e52-4b6a-8b20-01ffc1575f26","ts":"2025-12-26T14:03:19.937-05:00","source":{"id":"0","name":"eventBus"}}
{"__type":"$$EventMessageWorkflow","id":"e17e150e-9764-4c6c-b258-11c937543c37","ts":"2025-12-26T14:03:19.940-05:00","eventName":"n8n.workflow.failed","message":"n8n.workflow.failed","payload":{"userId":"76f1c822-eead-4d9d-807f-4cf0b8058c59","executionId":"39","success":false,"isManual":true,"workflowId":"WKP5DQioUa8V33KF","workflowName":"Clasificación automática de incidencias","lastNodeExecuted":"HTTP Request","errorNodeType":"n8n-nodes-base.httpRequest","errorMessage":"JSON parameter needs to be valid JSON"}}
{"__type":"$$EventMessageConfirm","confirm":"e17e150e-9764-4c6c-b258-11c937543c37","ts":"2025-12-26T14:03:19.940-05:00","source":{"id":"0","name":"eventBus"}}
{"__type":"$$EventMessageWorkflow","id":"cd1ba285-b64d-4765-b63e-9080351fa3cf","ts":"2025-12-26T14:03:42.470-05:00","eventName":"n8n.workflow.started","message":"n8n.workflow.started","payload":{"executionId":"40","workflowId":"WKP5DQioUa8V33KF","isManual":false,"workflowName":"Clasificación automática de incidencias"}}
{"__type":"$$EventMessageConfirm","confirm":"cd1ba285-b64d-4765-b63e-9080351fa3cf","ts":"2025-12-26T14:03:42.470-05:00","source":{"id":"0","name":"eventBus"}}
{"__type":"$$EventMessageNode","id":"ddd53b94-d997-46ea-9a30-af459ec93d85","ts":"2025-12-26T14:03:42.471-05:00","eventName":"n8n.node.started","message":"n8n.node.started","payload":{"workflowId":"WKP5DQioUa8V33KF","workflowName":"Clasificación automática de incidencias","executionId":"40","nodeType":"n8n-nodes-base.httpRequest","nodeName":"HTTP Request","nodeId":"37bd2505-e1c2-479d-822a-07dedaa70202"}}
{"__type":"$$EventMessageConfirm","confirm":"ddd53b94-d997-46ea-9a30-af459ec93d85","ts":"2025-12-26T14:03:42.471-05:00","source":{"id":"0","name":"eventBus"}}
{"__type":"$$EventMessageNode","id":"0ac0972a-6f0b-4248-a5ab-6fdd2323820c","ts":"2025-12-26T14:03:42.481-05:00","eventName":"n8n.node.finished","message":"n8n.node.finished","payload":{"workflowId":"WKP5DQioUa8V33KF","workflowName":"Clasificación automática de incidencias","executionId":"40","nodeType":"n8n-nodes-base.httpRequest","nodeName":"HTTP Request","nodeId":"37bd2505-e1c2-479d-822a-07dedaa70202"}}
{"__type":"$$EventMessageConfirm","confirm":"0ac0972a-6f0b-4248-a5ab-6fdd2323820c","ts":"2025-12-26T14:03:42.481-05:00","source":{"id":"0","name":"eventBus"}}
{"__type":"$$EventMessageWorkflow","id":"a14822e8-36ac-425d-85a6-fa14902fd6af","ts":"2025-12-26T14:03:42.485-05:00","eventName":"n8n.workflow.failed","message":"n8n.workflow.failed","payload":{"userId":"76f1c822-eead-4d9d-807f-4cf0b8058c59","executionId":"40","success":false,"isManual":true,"workflowId":"WKP5DQioUa8V33KF","workflowName":"Clasificación automática de incidencias","lastNodeExecuted":"HTTP Request","errorNodeType":"n8n-nodes-base.httpRequest","errorMessage":"JSON parameter needs to be valid JSON"}}
{"__type":"$$EventMessageConfirm","confirm":"a14822e8-36ac-425d-85a6-fa14902fd6af","ts":"2025-12-26T14:03:42.485-05:00","source":{"id":"0","name":"eventBus"}}
{"__type":"$$EventMessageWorkflow","id":"81c47790-7168-4b28-ac86-8c2e8c865a6b","ts":"2025-12-26T14:04:27.779-05:00","eventName":"n8n.workflow.started","message":"n8n.workflow.started","payload":{"executionId":"41","workflowId":"WKP5DQioUa8V33KF","isManual":false,"workflowName":"Clasificación automática de incidencias"}}
{"__type":"$$EventMessageConfirm","confirm":"81c47790-7168-4b28-ac86-8c2e8c865a6b","ts":"2025-12-26T14:04:27.779-05:00","source":{"id":"0","name":"eventBus"}}
{"__type":"$$EventMessageNode","id":"afc468b5-288e-4aa9-895f-4c34be7ff51b","ts":"2025-12-26T14:04:27.781-05:00","eventName":"n8n.node.started","message":"n8n.node.started","payload":{"workflowId":"WKP5DQioUa8V33KF","workflowName":"Clasificación automática de incidencias","executionId":"41","nodeType":"n8n-nodes-base.httpRequest","nodeName":"HTTP Request","nodeId":"37bd2505-e1c2-479d-822a-07dedaa70202"}}
{"__type":"$$EventMessageConfirm","confirm":"afc468b5-288e-4aa9-895f-4c34be7ff51b","ts":"2025-12-26T14:04:27.781-05:00","source":{"id":"0","name":"eventBus"}}
{"__type":"$$EventMessageNode","id":"60dc496e-b585-4b86-a03c-e3b7e130af10","ts":"2025-12-26T14:04:27.790-05:00","eventName":"n8n.node.finished","message":"n8n.node.finished","payload":{"workflowId":"WKP5DQioUa8V33KF","workflowName":"Clasificación automática de incidencias","executionId":"41","nodeType":"n8n-nodes-base.httpRequest","nodeName":"HTTP Request","nodeId":"37bd2505-e1c2-479d-822a-07dedaa70202"}}
{"__type":"$$EventMessageConfirm","confirm":"60dc496e-b585-4b86-a03c-e3b7e130af10","ts":"2025-12-26T14:04:27.790-05:00","source":{"id":"0","name":"eventBus"}}
{"__type":"$$EventMessageWorkflow","id":"830c8f3a-b8ce-487b-9188-e5a46fa18400","ts":"2025-12-26T14:04:27.792-05:00","eventName":"n8n.workflow.failed","message":"n8n.workflow.failed","payload":{"userId":"76f1c822-eead-4d9d-807f-4cf0b8058c59","executionId":"41","success":false,"isManual":true,"workflowId":"WKP5DQioUa8V33KF","workflowName":"Clasificación automática de incidencias","lastNodeExecuted":"HTTP Request","errorNodeType":"n8n-nodes-base.httpRequest","errorMessage":"JSON parameter needs to be valid JSON"}}
{"__type":"$$EventMessageConfirm","confirm":"830c8f3a-b8ce-487b-9188-e5a46fa18400","ts":"2025-12-26T14:04:27.792-05:00","source":{"id":"0","name":"eventBus"}}
{"__type":"$$EventMessageWorkflow","id":"55e030b7-7b10-418a-a387-31e3fbb5bd72","ts":"2025-12-26T14:04:29.311-05:00","eventName":"n8n.workflow.started","message":"n8n.workflow.started","payload":{"executionId":"42","workflowId":"WKP5DQioUa8V33KF","isManual":false,"workflowName":"Clasificación automática de incidencias"}}
{"__type":"$$EventMessageConfirm","confirm":"55e030b7-7b10-418a-a387-31e3fbb5bd72","ts":"2025-12-26T14:04:29.311-05:00","source":{"id":"0","name":"eventBus"}}
{"__type":"$$EventMessageNode","id":"86fc8ca4-c936-422a-a94b-11edad06497d","ts":"2025-12-26T14:04:29.312-05:00","eventName":"n8n.node.started","message":"n8n.node.started","payload":{"workflowId":"WKP5DQioUa8V33KF","workflowName":"Clasificación automática de incidencias","executionId":"42","nodeType":"n8n-nodes-base.httpRequest","nodeName":"HTTP Request","nodeId":"37bd2505-e1c2-479d-822a-07dedaa70202"}}
{"__type":"$$EventMessageConfirm","confirm":"86fc8ca4-c936-422a-a94b-11edad06497d","ts":"2025-12-26T14:04:29.312-05:00","source":{"id":"0","name":"eventBus"}}
{"__type":"$$EventMessageNode","id":"28f45b83-bb77-4e9c-b02e-740390b9243e","ts":"2025-12-26T14:04:29.314-05:00","eventName":"n8n.node.finished","message":"n8n.node.finished","payload":{"workflowId":"WKP5DQioUa8V33KF","workflowName":"Clasificación automática de incidencias","executionId":"42","nodeType":"n8n-nodes-base.httpRequest","nodeName":"HTTP Request","nodeId":"37bd2505-e1c2-479d-822a-07dedaa70202"}}
{"__type":"$$EventMessageConfirm","confirm":"28f45b83-bb77-4e9c-b02e-740390b9243e","ts":"2025-12-26T14:04:29.314-05:00","source":{"id":"0","name":"eventBus"}}
{"__type":"$$EventMessageWorkflow","id":"05ac569b-d644-4c95-95c0-3c2c80cd2950","ts":"2025-12-26T14:04:29.317-05:00","eventName":"n8n.workflow.failed","message":"n8n.workflow.failed","payload":{"userId":"76f1c822-eead-4d9d-807f-4cf0b8058c59","executionId":"42","success":false,"isManual":true,"workflowId":"WKP5DQioUa8V33KF","workflowName":"Clasificación automática de incidencias","lastNodeExecuted":"HTTP Request","errorNodeType":"n8n-nodes-base.httpRequest","errorMessage":"JSON parameter needs to be valid JSON"}}
{"__type":"$$EventMessageConfirm","confirm":"05ac569b-d644-4c95-95c0-3c2c80cd2950","ts":"2025-12-26T14:04:29.317-05:00","source":{"id":"0","name":"eventBus"}}
{"__type":"$$EventMessageWorkflow","id":"6ab901fd-8598-465a-b56e-3a0039df1c5f","ts":"2025-12-26T14:05:18.564-05:00","eventName":"n8n.workflow.started","message":"n8n.workflow.started","payload":{"executionId":"43","workflowId":"WKP5DQioUa8V33KF","isManual":false,"workflowName":"Clasificación automática de incidencias"}}
{"__type":"$$EventMessageConfirm","confirm":"6ab901fd-8598-465a-b56e-3a0039df1c5f","ts":"2025-12-26T14:05:18.564-05:00","source":{"id":"0","name":"eventBus"}}
{"__type":"$$EventMessageNode","id":"a7b9b692-9d99-4806-8a52-b2c536b4ca3f","ts":"2025-12-26T14:05:18.565-05:00","eventName":"n8n.node.started","message":"n8n.node.started","payload":{"workflowId":"WKP5DQioUa8V33KF","workflowName":"Clasificación automática de incidencias","executionId":"43","nodeType":"n8n-nodes-base.httpRequest","nodeName":"HTTP Request","nodeId":"37bd2505-e1c2-479d-822a-07dedaa70202"}}
{"__type":"$$EventMessageConfirm","confirm":"a7b9b692-9d99-4806-8a52-b2c536b4ca3f","ts":"2025-12-26T14:05:18.565-05:00","source":{"id":"0","name":"eventBus"}}
{"__type":"$$EventMessageNode","id":"2ba6488e-d1a5-4bd2-b40f-56d3ab560e38","ts":"2025-12-26T14:05:18.572-05:00","eventName":"n8n.node.finished","message":"n8n.node.finished","payload":{"workflowId":"WKP5DQioUa8V33KF","workflowName":"Clasificación automática de incidencias","executionId":"43","nodeType":"n8n-nodes-base.httpRequest","nodeName":"HTTP Request","nodeId":"37bd2505-e1c2-479d-822a-07dedaa70202"}}
{"__type":"$$EventMessageConfirm","confirm":"2ba6488e-d1a5-4bd2-b40f-56d3ab560e38","ts":"2025-12-26T14:05:18.572-05:00","source":{"id":"0","name":"eventBus"}}
{"__type":"$$EventMessageWorkflow","id":"cf5f9e2b-201b-4fea-9ec3-2f86f5304401","ts":"2025-12-26T14:05:18.574-05:00","eventName":"n8n.workflow.failed","message":"n8n.workflow.failed","payload":{"userId":"76f1c822-eead-4d9d-807f-4cf0b8058c59","executionId":"43","success":false,"isManual":true,"workflowId":"WKP5DQioUa8V33KF","workflowName":"Clasificación automática de incidencias","lastNodeExecuted":"HTTP Request","errorNodeType":"n8n-nodes-base.httpRequest","errorMessage":"JSON parameter needs to be valid JSON"}}
{"__type":"$$EventMessageConfirm","confirm":"cf5f9e2b-201b-4fea-9ec3-2f86f5304401","ts":"2025-12-26T14:05:18.574-05:00","source":{"id":"0","name":"eventBus"}}
{"__type":"$$EventMessageWorkflow","id":"e2d51499-be32-468c-a820-7066493e0dbe","ts":"2025-12-26T14:05:19.637-05:00","eventName":"n8n.workflow.started","message":"n8n.workflow.started","payload":{"executionId":"44","workflowId":"WKP5DQioUa8V33KF","isManual":false,"workflowName":"Clasificación automática de incidencias"}}
{"__type":"$$EventMessageConfirm","confirm":"e2d51499-be32-468c-a820-7066493e0dbe","ts":"2025-12-26T14:05:19.637-05:00","source":{"id":"0","name":"eventBus"}}
{"__type":"$$EventMessageNode","id":"57f6db50-d77d-47dd-b26d-41d55ad38ded","ts":"2025-12-26T14:05:19.637-05:00","eventName":"n8n.node.started","message":"n8n.node.started","payload":{"workflowId":"WKP5DQioUa8V33KF","workflowName":"Clasificación automática de incidencias","executionId":"44","nodeType":"n8n-nodes-base.httpRequest","nodeName":"HTTP Request","nodeId":"37bd2505-e1c2-479d-822a-07dedaa70202"}}
{"__type":"$$EventMessageConfirm","confirm":"57f6db50-d77d-47dd-b26d-41d55ad38ded","ts":"2025-12-26T14:05:19.638-05:00","source":{"id":"0","name":"eventBus"}}
{"__type":"$$EventMessageNode","id":"86996d3d-d781-46f4-8f51-e3a8003c4381","ts":"2025-12-26T14:05:19.639-05:00","eventName":"n8n.node.finished","message":"n8n.node.finished","payload":{"workflowId":"WKP5DQioUa8V33KF","workflowName":"Clasificación automática de incidencias","executionId":"44","nodeType":"n8n-nodes-base.httpRequest","nodeName":"HTTP Request","nodeId":"37bd2505-e1c2-479d-822a-07dedaa70202"}}
{"__type":"$$EventMessageConfirm","confirm":"86996d3d-d781-46f4-8f51-e3a8003c4381","ts":"2025-12-26T14:05:19.639-05:00","source":{"id":"0","name":"eventBus"}}
{"__type":"$$EventMessageWorkflow","id":"9bebac80-7755-4413-84a3-723fe7192fc6","ts":"2025-12-26T14:05:19.640-05:00","eventName":"n8n.workflow.failed","message":"n8n.workflow.failed","payload":{"userId":"76f1c822-eead-4d9d-807f-4cf0b8058c59","executionId":"44","success":false,"isManual":true,"workflowId":"WKP5DQioUa8V33KF","workflowName":"Clasificación automática de incidencias","lastNodeExecuted":"HTTP Request","errorNodeType":"n8n-nodes-base.httpRequest","errorMessage":"JSON parameter needs to be valid JSON"}}
{"__type":"$$EventMessageConfirm","confirm":"9bebac80-7755-4413-84a3-723fe7192fc6","ts":"2025-12-26T14:05:19.640-05:00","source":{"id":"0","name":"eventBus"}}
{"__type":"$$EventMessageWorkflow","id":"fe55ce80-9cb2-482b-96ae-87f8a21f3810","ts":"2025-12-26T14:05:27.413-05:00","eventName":"n8n.workflow.started","message":"n8n.workflow.started","payload":{"executionId":"45","workflowId":"WKP5DQioUa8V33KF","isManual":false,"workflowName":"Clasificación automática de incidencias"}}
{"__type":"$$EventMessageConfirm","confirm":"fe55ce80-9cb2-482b-96ae-87f8a21f3810","ts":"2025-12-26T14:05:27.413-05:00","source":{"id":"0","name":"eventBus"}}
{"__type":"$$EventMessageNode","id":"af57982d-98bc-41e7-9664-7b0153b17102","ts":"2025-12-26T14:05:27.414-05:00","eventName":"n8n.node.started","message":"n8n.node.started","payload":{"workflowId":"WKP5DQioUa8V33KF","workflowName":"Clasificación automática de incidencias","executionId":"45","nodeType":"n8n-nodes-base.httpRequest","nodeName":"HTTP Request","nodeId":"37bd2505-e1c2-479d-822a-07dedaa70202"}}
{"__type":"$$EventMessageConfirm","confirm":"af57982d-98bc-41e7-9664-7b0153b17102","ts":"2025-12-26T14:05:27.414-05:00","source":{"id":"0","name":"eventBus"}}
{"__type":"$$EventMessageNode","id":"491811d7-bbe9-4508-90fd-b7be8edae6ae","ts":"2025-12-26T14:05:27.418-05:00","eventName":"n8n.node.finished","message":"n8n.node.finished","payload":{"workflowId":"WKP5DQioUa8V33KF","workflowName":"Clasificación automática de incidencias","executionId":"45","nodeType":"n8n-nodes-base.httpRequest","nodeName":"HTTP Request","nodeId":"37bd2505-e1c2-479d-822a-07dedaa70202"}}
{"__type":"$$EventMessageConfirm","confirm":"491811d7-bbe9-4508-90fd-b7be8edae6ae","ts":"2025-12-26T14:05:27.418-05:00","source":{"id":"0","name":"eventBus"}}
{"__type":"$$EventMessageWorkflow","id":"5da066a5-d497-4b36-8acb-ea2228883f30","ts":"2025-12-26T14:05:27.420-05:00","eventName":"n8n.workflow.failed","message":"n8n.workflow.failed","payload":{"userId":"76f1c822-eead-4d9d-807f-4cf0b8058c59","executionId":"45","success":false,"isManual":true,"workflowId":"WKP5DQioUa8V33KF","workflowName":"Clasificación automática de incidencias","lastNodeExecuted":"HTTP Request","errorNodeType":"n8n-nodes-base.httpRequest","errorMessage":"JSON parameter needs to be valid JSON"}}
{"__type":"$$EventMessageConfirm","confirm":"5da066a5-d497-4b36-8acb-ea2228883f30","ts":"2025-12-26T14:05:27.420-05:00","source":{"id":"0","name":"eventBus"}}
{"__type":"$$EventMessageWorkflow","id":"83ebe599-4b5f-4fa1-a042-e08791673651","ts":"2025-12-26T14:05:38.274-05:00","eventName":"n8n.workflow.started","message":"n8n.workflow.started","payload":{"executionId":"46","workflowId":"WKP5DQioUa8V33KF","isManual":false,"workflowName":"Clasificación automática de incidencias"}}
{"__type":"$$EventMessageConfirm","confirm":"83ebe599-4b5f-4fa1-a042-e08791673651","ts":"2025-12-26T14:05:38.274-05:00","source":{"id":"0","name":"eventBus"}}
{"__type":"$$EventMessageNode","id":"bd72d87d-36e7-4bf0-981b-1ce3da20ff7e","ts":"2025-12-26T14:05:38.275-05:00","eventName":"n8n.node.started","message":"n8n.node.started","payload":{"workflowId":"WKP5DQioUa8V33KF","workflowName":"Clasificación automática de incidencias","executionId":"46","nodeType":"n8n-nodes-base.httpRequest","nodeName":"HTTP Request","nodeId":"37bd2505-e1c2-479d-822a-07dedaa70202"}}
{"__type":"$$EventMessageConfirm","confirm":"bd72d87d-36e7-4bf0-981b-1ce3da20ff7e","ts":"2025-12-26T14:05:38.275-05:00","source":{"id":"0","name":"eventBus"}}
{"__type":"$$EventMessageNode","id":"7e989939-f54f-489f-b1d9-ffed7cc9165a","ts":"2025-12-26T14:05:38.281-05:00","eventName":"n8n.node.finished","message":"n8n.node.finished","payload":{"workflowId":"WKP5DQioUa8V33KF","workflowName":"Clasificación automática de incidencias","executionId":"46","nodeType":"n8n-nodes-base.httpRequest","nodeName":"HTTP Request","nodeId":"37bd2505-e1c2-479d-822a-07dedaa70202"}}
{"__type":"$$EventMessageConfirm","confirm":"7e989939-f54f-489f-b1d9-ffed7cc9165a","ts":"2025-12-26T14:05:38.281-05:00","source":{"id":"0","name":"eventBus"}}
{"__type":"$$EventMessageWorkflow","id":"74ce2e4a-1344-41c6-81ba-876512e49078","ts":"2025-12-26T14:05:38.283-05:00","eventName":"n8n.workflow.failed","message":"n8n.workflow.failed","payload":{"userId":"76f1c822-eead-4d9d-807f-4cf0b8058c59","executionId":"46","success":false,"isManual":true,"workflowId":"WKP5DQioUa8V33KF","workflowName":"Clasificación automática de incidencias","lastNodeExecuted":"HTTP Request","errorNodeType":"n8n-nodes-base.httpRequest","errorMessage":"JSON parameter needs to be valid JSON"}}
{"__type":"$$EventMessageConfirm","confirm":"74ce2e4a-1344-41c6-81ba-876512e49078","ts":"2025-12-26T14:05:38.283-05:00","source":{"id":"0","name":"eventBus"}}
{"__type":"$$EventMessageWorkflow","id":"7ef49b53-a125-400c-81e4-0b77f6485cc5","ts":"2025-12-26T14:08:01.679-05:00","eventName":"n8n.workflow.started","message":"n8n.workflow.started","payload":{"executionId":"47","workflowId":"WKP5DQioUa8V33KF","isManual":false,"workflowName":"Clasificación automática de incidencias"}}
{"__type":"$$EventMessageConfirm","confirm":"7ef49b53-a125-400c-81e4-0b77f6485cc5","ts":"2025-12-26T14:08:01.679-05:00","source":{"id":"0","name":"eventBus"}}
{"__type":"$$EventMessageNode","id":"6c353d80-8743-4882-9680-bb2acdd799eb","ts":"2025-12-26T14:08:01.680-05:00","eventName":"n8n.node.started","message":"n8n.node.started","payload":{"workflowId":"WKP5DQioUa8V33KF","workflowName":"Clasificación automática de incidencias","executionId":"47","nodeType":"n8n-nodes-base.httpRequest","nodeName":"HTTP Request","nodeId":"37bd2505-e1c2-479d-822a-07dedaa70202"}}
{"__type":"$$EventMessageConfirm","confirm":"6c353d80-8743-4882-9680-bb2acdd799eb","ts":"2025-12-26T14:08:01.680-05:00","source":{"id":"0","name":"eventBus"}}
{"__type":"$$EventMessageNode","id":"ed08330c-8983-4ef7-9c54-3fc035139b22","ts":"2025-12-26T14:08:01.683-05:00","eventName":"n8n.node.finished","message":"n8n.node.finished","payload":{"workflowId":"WKP5DQioUa8V33KF","workflowName":"Clasificación automática de incidencias","executionId":"47","nodeType":"n8n-nodes-base.httpRequest","nodeName":"HTTP Request","nodeId":"37bd2505-e1c2-479d-822a-07dedaa70202"}}
{"__type":"$$EventMessageConfirm","confirm":"ed08330c-8983-4ef7-9c54-3fc035139b22","ts":"2025-12-26T14:08:01.683-05:00","source":{"id":"0","name":"eventBus"}}
{"__type":"$$EventMessageWorkflow","id":"9e16f5d3-73ce-4e58-9932-e8020ac9e34b","ts":"2025-12-26T14:08:01.686-05:00","eventName":"n8n.workflow.failed","message":"n8n.workflow.failed","payload":{"userId":"76f1c822-eead-4d9d-807f-4cf0b8058c59","executionId":"47","success":false,"isManual":true,"workflowId":"WKP5DQioUa8V33KF","workflowName":"Clasificación automática de incidencias","lastNodeExecuted":"HTTP Request","errorNodeType":"n8n-nodes-base.httpRequest","errorMessage":"JSON parameter needs to be valid JSON"}}
{"__type":"$$EventMessageConfirm","confirm":"9e16f5d3-73ce-4e58-9932-e8020ac9e34b","ts":"2025-12-26T14:08:01.686-05:00","source":{"id":"0","name":"eventBus"}}
{"__type":"$$EventMessageWorkflow","id":"e2c2e1cb-0af7-49bb-89c5-295d1bd821a9","ts":"2025-12-26T14:08:25.343-05:00","eventName":"n8n.workflow.started","message":"n8n.workflow.started","payload":{"executionId":"48","workflowId":"WKP5DQioUa8V33KF","isManual":false,"workflowName":"Clasificación automática de incidencias"}}
{"__type":"$$EventMessageConfirm","confirm":"e2c2e1cb-0af7-49bb-89c5-295d1bd821a9","ts":"2025-12-26T14:08:25.343-05:00","source":{"id":"0","name":"eventBus"}}
{"__type":"$$EventMessageNode","id":"6b9855dd-4470-4512-8552-275e059f3544","ts":"2025-12-26T14:08:25.344-05:00","eventName":"n8n.node.started","message":"n8n.node.started","payload":{"workflowId":"WKP5DQioUa8V33KF","workflowName":"Clasificación automática de incidencias","executionId":"48","nodeType":"n8n-nodes-base.httpRequest","nodeName":"HTTP Request","nodeId":"37bd2505-e1c2-479d-822a-07dedaa70202"}}
{"__type":"$$EventMessageConfirm","confirm":"6b9855dd-4470-4512-8552-275e059f3544","ts":"2025-12-26T14:08:25.344-05:00","source":{"id":"0","name":"eventBus"}}
{"__type":"$$EventMessageNode","id":"74866787-6e84-413a-82b3-f50659626888","ts":"2025-12-26T14:08:25.346-05:00","eventName":"n8n.node.finished","message":"n8n.node.finished","payload":{"workflowId":"WKP5DQioUa8V33KF","workflowName":"Clasificación automática de incidencias","executionId":"48","nodeType":"n8n-nodes-base.httpRequest","nodeName":"HTTP Request","nodeId":"37bd2505-e1c2-479d-822a-07dedaa70202"}}
{"__type":"$$EventMessageConfirm","confirm":"74866787-6e84-413a-82b3-f50659626888","ts":"2025-12-26T14:08:25.346-05:00","source":{"id":"0","name":"eventBus"}}
{"__type":"$$EventMessageWorkflow","id":"dcb6d8c3-cddb-4982-80f6-2124a4248bb9","ts":"2025-12-26T14:08:25.348-05:00","eventName":"n8n.workflow.failed","message":"n8n.workflow.failed","payload":{"userId":"76f1c822-eead-4d9d-807f-4cf0b8058c59","executionId":"48","success":false,"isManual":true,"workflowId":"WKP5DQioUa8V33KF","workflowName":"Clasificación automática de incidencias","lastNodeExecuted":"HTTP Request","errorNodeType":"n8n-nodes-base.httpRequest","errorMessage":"JSON parameter needs to be valid JSON"}}
{"__type":"$$EventMessageConfirm","confirm":"dcb6d8c3-cddb-4982-80f6-2124a4248bb9","ts":"2025-12-26T14:08:25.348-05:00","source":{"id":"0","name":"eventBus"}}
{"__type":"$$EventMessageWorkflow","id":"e4c1425f-d517-43ac-958e-df711deabc3d","ts":"2025-12-26T14:09:26.193-05:00","eventName":"n8n.workflow.started","message":"n8n.workflow.started","payload":{"executionId":"49","workflowId":"WKP5DQioUa8V33KF","isManual":false,"workflowName":"Clasificación automática de incidencias"}}
{"__type":"$$EventMessageConfirm","confirm":"e4c1425f-d517-43ac-958e-df711deabc3d","ts":"2025-12-26T14:09:26.193-05:00","source":{"id":"0","name":"eventBus"}}
{"__type":"$$EventMessageNode","id":"3e41b041-adc6-4f64-a7ad-ae4e55b0edce","ts":"2025-12-26T14:09:26.194-05:00","eventName":"n8n.node.started","message":"n8n.node.started","payload":{"workflowId":"WKP5DQioUa8V33KF","workflowName":"Clasificación automática de incidencias","executionId":"49","nodeType":"n8n-nodes-base.httpRequest","nodeName":"HTTP Request","nodeId":"37bd2505-e1c2-479d-822a-07dedaa70202"}}
{"__type":"$$EventMessageConfirm","confirm":"3e41b041-adc6-4f64-a7ad-ae4e55b0edce","ts":"2025-12-26T14:09:26.194-05:00","source":{"id":"0","name":"eventBus"}}
{"__type":"$$EventMessageNode","id":"12560226-966d-420a-a1ca-46611228beea","ts":"2025-12-26T14:09:26.196-05:00","eventName":"n8n.node.finished","message":"n8n.node.finished","payload":{"workflowId":"WKP5DQioUa8V33KF","workflowName":"Clasificación automática de incidencias","executionId":"49","nodeType":"n8n-nodes-base.httpRequest","nodeName":"HTTP Request","nodeId":"37bd2505-e1c2-479d-822a-07dedaa70202"}}
{"__type":"$$EventMessageConfirm","confirm":"12560226-966d-420a-a1ca-46611228beea","ts":"2025-12-26T14:09:26.197-05:00","source":{"id":"0","name":"eventBus"}}
{"__type":"$$EventMessageWorkflow","id":"09a7215b-afd3-41c1-881a-435d1556665e","ts":"2025-12-26T14:09:26.199-05:00","eventName":"n8n.workflow.failed","message":"n8n.workflow.failed","payload":{"userId":"76f1c822-eead-4d9d-807f-4cf0b8058c59","executionId":"49","success":false,"isManual":true,"workflowId":"WKP5DQioUa8V33KF","workflowName":"Clasificación automática de incidencias","lastNodeExecuted":"HTTP Request","errorNodeType":"n8n-nodes-base.httpRequest","errorMessage":"JSON parameter needs to be valid JSON"}}
{"__type":"$$EventMessageConfirm","confirm":"09a7215b-afd3-41c1-881a-435d1556665e","ts":"2025-12-26T14:09:26.199-05:00","source":{"id":"0","name":"eventBus"}}
{"__type":"$$EventMessageWorkflow","id":"adaf9b8a-4360-4b5f-b952-689df12d95b0","ts":"2025-12-26T14:10:52.786-05:00","eventName":"n8n.workflow.started","message":"n8n.workflow.started","payload":{"executionId":"50","workflowId":"WKP5DQioUa8V33KF","isManual":false,"workflowName":"Clasificación automática de incidencias"}}
{"__type":"$$EventMessageConfirm","confirm":"adaf9b8a-4360-4b5f-b952-689df12d95b0","ts":"2025-12-26T14:10:52.786-05:00","source":{"id":"0","name":"eventBus"}}
{"__type":"$$EventMessageNode","id":"66b09351-26fb-4307-b1ac-a27fb5927690","ts":"2025-12-26T14:10:52.787-05:00","eventName":"n8n.node.started","message":"n8n.node.started","payload":{"workflowId":"WKP5DQioUa8V33KF","workflowName":"Clasificación automática de incidencias","executionId":"50","nodeType":"n8n-nodes-base.httpRequest","nodeName":"HTTP Request","nodeId":"37bd2505-e1c2-479d-822a-07dedaa70202"}}
{"__type":"$$EventMessageConfirm","confirm":"66b09351-26fb-4307-b1ac-a27fb5927690","ts":"2025-12-26T14:10:52.787-05:00","source":{"id":"0","name":"eventBus"}}
{"__type":"$$EventMessageNode","id":"04f1b6a1-f24e-4c5a-b996-adad07932c0d","ts":"2025-12-26T14:10:52.788-05:00","eventName":"n8n.node.finished","message":"n8n.node.finished","payload":{"workflowId":"WKP5DQioUa8V33KF","workflowName":"Clasificación automática de incidencias","executionId":"50","nodeType":"n8n-nodes-base.httpRequest","nodeName":"HTTP Request","nodeId":"37bd2505-e1c2-479d-822a-07dedaa70202"}}
{"__type":"$$EventMessageConfirm","confirm":"04f1b6a1-f24e-4c5a-b996-adad07932c0d","ts":"2025-12-26T14:10:52.788-05:00","source":{"id":"0","name":"eventBus"}}
{"__type":"$$EventMessageWorkflow","id":"05f8e831-bccf-4d9c-8c78-ff7b7981390a","ts":"2025-12-26T14:10:52.790-05:00","eventName":"n8n.workflow.failed","message":"n8n.workflow.failed","payload":{"userId":"76f1c822-eead-4d9d-807f-4cf0b8058c59","executionId":"50","success":false,"isManual":true,"workflowId":"WKP5DQioUa8V33KF","workflowName":"Clasificación automática de incidencias","lastNodeExecuted":"HTTP Request","errorNodeType":"n8n-nodes-base.httpRequest","errorMessage":"JSON parameter needs to be valid JSON"}}
{"__type":"$$EventMessageConfirm","confirm":"05f8e831-bccf-4d9c-8c78-ff7b7981390a","ts":"2025-12-26T14:10:52.790-05:00","source":{"id":"0","name":"eventBus"}}
