{"__type":"$$EventMessageWorkflow","id":"0c7b8f6f-76a3-4106-81b1-8f18c00320c1","ts":"2025-12-26T19:50:44.762+00:00","eventName":"n8n.workflow.started","message":"n8n.workflow.started","payload":{"executionId":"64","workflowId":"WKP5DQioUa8V33KF","isManual":false,"workflowName":"Clasificación automática de incidencias"}}
{"__type":"$$EventMessageConfirm","confirm":"0c7b8f6f-76a3-4106-81b1-8f18c00320c1","ts":"2025-12-26T19:50:44.763+00:00","source":{"id":"0","name":"eventBus"}}
{"__type":"$$EventMessageNode","id":"71a54b5d-7e6e-4379-8266-3cacce678614","ts":"2025-12-26T19:50:44.764+00:00","eventName":"n8n.node.started","message":"n8n.node.started","payload":{"workflowId":"WKP5DQioUa8V33KF","workflowName":"Clasificación automática de incidencias","executionId":"64","nodeType":"n8n-nodes-base.emailReadImap","nodeName":"Email Trigger (IMAP)","nodeId":"58852f51-b7be-4ba9-b003-703e200fedb2"}}
{"__type":"$$EventMessageConfirm","confirm":"71a54b5d-7e6e-4379-8266-3cacce678614","ts":"2025-12-26T19:50:44.764+00:00","source":{"id":"0","name":"eventBus"}}
{"__type":"$$EventMessageNode","id":"64537548-a4e5-436b-8118-ccbe0de2fa01","ts":"2025-12-26T19:52:18.709+00:00","eventName":"n8n.node.finished","message":"n8n.node.finished","payload":{"workflowId":"WKP5DQioUa8V33KF","workflowName":"Clasificación automática de incidencias","executionId":"64","nodeType":"n8n-nodes-base.emailReadImap","nodeName":"Email Trigger (IMAP)","nodeId":"58852f51-b7be-4ba9-b003-703e200fedb2"}}
{"__type":"$$EventMessageConfirm","confirm":"64537548-a4e5-436b-8118-ccbe0de2fa01","ts":"2025-12-26T19:52:18.709+00:00","source":{"id":"0","name":"eventBus"}}
{"__type":"$$EventMessageNode","id":"eeb4babb-b8be-4279-a3b2-c36a41d450cf","ts":"2025-12-26T19:52:18.710+00:00","eventName":"n8n.node.started","message":"n8n.node.started","payload":{"workflowId":"WKP5DQioUa8V33KF","workflowName":"Clasificación automática de incidencias","executionId":"64","nodeType":"n8n-nodes-base.set","nodeName":"Edit Fields","nodeId":"90da13a1-db01-4510-a3c7-1876b5fcbbaf"}}
{"__type":"$$EventMessageConfirm","confirm":"eeb4babb-b8be-4279-a3b2-c36a41d450cf","ts":"2025-12-26T19:52:18.711+00:00","source":{"id":"0","name":"eventBus"}}
{"__type":"$$EventMessageNode","id":"6eec2012-3cee-40ed-8f04-936a4850da0e","ts":"2025-12-26T14:52:18.746-05:00","eventName":"n8n.node.finished","message":"n8n.node.finished","payload":{"workflowId":"WKP5DQioUa8V33KF","workflowName":"Clasificación automática de incidencias","executionId":"64","nodeType":"n8n-nodes-base.set","nodeName":"Edit Fields","nodeId":"90da13a1-db01-4510-a3c7-1876b5fcbbaf"}}
{"__type":"$$EventMessageConfirm","confirm":"6eec2012-3cee-40ed-8f04-936a4850da0e","ts":"2025-12-26T14:52:18.746-05:00","source":{"id":"0","name":"eventBus"}}
{"__type":"$$EventMessageNode","id":"713fc161-64cd-4d1e-b507-5b7191e9e5c5","ts":"2025-12-26T14:52:18.747-05:00","eventName":"n8n.node.started","message":"n8n.node.started","payload":{"workflowId":"WKP5DQioUa8V33KF","workflowName":"Clasificación automática de incidencias","executionId":"64","nodeType":"n8n-nodes-base.httpRequest","nodeName":"HTTP Request","nodeId":"37bd2505-e1c2-479d-822a-07dedaa70202"}}
{"__type":"$$EventMessageConfirm","confirm":"713fc161-64cd-4d1e-b507-5b7191e9e5c5","ts":"2025-12-26T14:52:18.747-05:00","source":{"id":"0","name":"eventBus"}}
{"__type":"$$EventMessageNode","id":"9662d923-25ff-4386-907a-bfa5677a62b7","ts":"2025-12-26T14:52:22.811-05:00","eventName":"n8n.node.finished","message":"n8n.node.finished","payload":{"workflowId":"WKP5DQioUa8V33KF","workflowName":"Clasificación automática de incidencias","executionId":"64","nodeType":"n8n-nodes-base.httpRequest","nodeName":"HTTP Request","nodeId":"37bd2505-e1c2-479d-822a-07dedaa70202"}}
{"__type":"$$EventMessageConfirm","confirm":"9662d923-25ff-4386-907a-bfa5677a62b7","ts":"2025-12-26T14:52:22.811-05:00","source":{"id":"0","name":"eventBus"}}
{"__type":"$$EventMessageWorkflow","id":"601e155d-b8c9-4d6f-8652-977102a7d3cd","ts":"2025-12-26T14:52:22.815-05:00","eventName":"n8n.workflow.failed","message":"n8n.workflow.failed","payload":{"userId":"76f1c822-eead-4d9d-807f-4cf0b8058c59","executionId":"64","success":false,"isManual":true,"workflowId":"WKP5DQioUa8V33KF","workflowName":"Clasificación automática de incidencias","lastNodeExecuted":"HTTP Request","errorNodeType":"n8n-nodes-base.httpRequest","errorMessage":"The connection cannot be established, this usually occurs due to an incorrect host (domain) value"}}
{"__type":"$$EventMessageConfirm","confirm":"601e155d-b8c9-4d6f-8652-977102a7d3cd","ts":"2025-12-26T14:52:22.815-05:00","source":{"id":"0","name":"eventBus"}}
{"__type":"$$EventMessageWorkflow","id":"1cb607e7-1206-414c-ad7d-53cac6191d4c","ts":"2025-12-26T14:52:58.807-05:00","eventName":"n8n.workflow.started","message":"n8n.workflow.started","payload":{"executionId":"65","workflowId":"WKP5DQioUa8V33KF","isManual":false,"workflowName":"Clasificación automática de incidencias"}}
{"__type":"$$EventMessageConfirm","confirm":"1cb607e7-1206-414c-ad7d-53cac6191d4c","ts":"2025-12-26T14:52:58.807-05:00","source":{"id":"0","name":"eventBus"}}
{"__type":"$$EventMessageNode","id":"e5401566-ba84-4854-9e62-be7b0a71dcb2","ts":"2025-12-26T14:52:58.808-05:00","eventName":"n8n.node.started","message":"n8n.node.started","payload":{"workflowId":"WKP5DQioUa8V33KF","workflowName":"Clasificación automática de incidencias","executionId":"65","nodeType":"n8n-nodes-base.httpRequest","nodeName":"HTTP Request","nodeId":"37bd2505-e1c2-479d-822a-07dedaa70202"}}
{"__type":"$$EventMessageConfirm","confirm":"e5401566-ba84-4854-9e62-be7b0a71dcb2","ts":"2025-12-26T14:52:58.808-05:00","source":{"id":"0","name":"eventBus"}}
{"__type":"$$EventMessageNode","id":"9baea9d5-9039-4270-9a31-5fe6b857ae2a","ts":"2025-12-26T14:52:58.817-05:00","eventName":"n8n.node.finished","message":"n8n.node.finished","payload":{"workflowId":"WKP5DQioUa8V33KF","workflowName":"Clasificación automática de incidencias","executionId":"65","nodeType":"n8n-nodes-base.httpRequest","nodeName":"HTTP Request","nodeId":"37bd2505-e1c2-479d-822a-07dedaa70202"}}
{"__type":"$$EventMessageConfirm","confirm":"9baea9d5-9039-4270-9a31-5fe6b857ae2a","ts":"2025-12-26T14:52:58.817-05:00","source":{"id":"0","name":"eventBus"}}
{"__type":"$$EventMessageWorkflow","id":"78ea8ec1-b0a2-4c18-b89e-224a8ce66a82","ts":"2025-12-26T14:52:58.819-05:00","eventName":"n8n.workflow.failed","message":"n8n.workflow.failed","payload":{"userId":"76f1c822-eead-4d9d-807f-4cf0b8058c59","executionId":"65","success":false,"isManual":true,"workflowId":"WKP5DQioUa8V33KF","workflowName":"Clasificación automática de incidencias","lastNodeExecuted":"HTTP Request","errorNodeType":"n8n-nodes-base.httpRequest","errorMessage":"JSON parameter needs to be valid JSON"}}
{"__type":"$$EventMessageConfirm","confirm":"78ea8ec1-b0a2-4c18-b89e-224a8ce66a82","ts":"2025-12-26T14:52:58.819-05:00","source":{"id":"0","name":"eventBus"}}
{"__type":"$$EventMessageWorkflow","id":"9cda4de6-3e14-4e38-bf29-75db036f88b2","ts":"2025-12-26T14:52:59.905-05:00","eventName":"n8n.workflow.started","message":"n8n.workflow.started","payload":{"executionId":"66","workflowId":"WKP5DQioUa8V33KF","isManual":false,"workflowName":"Clasificación automática de incidencias"}}
{"__type":"$$EventMessageConfirm","confirm":"9cda4de6-3e14-4e38-bf29-75db036f88b2","ts":"2025-12-26T14:52:59.905-05:00","source":{"id":"0","name":"eventBus"}}
{"__type":"$$EventMessageNode","id":"e7b4599c-6980-44f2-8b88-8765e175655a","ts":"2025-12-26T14:52:59.906-05:00","eventName":"n8n.node.started","message":"n8n.node.started","payload":{"workflowId":"WKP5DQioUa8V33KF","workflowName":"Clasificación automática de incidencias","executionId":"66","nodeType":"n8n-nodes-base.httpRequest","nodeName":"HTTP Request","nodeId":"37bd2505-e1c2-479d-822a-07dedaa70202"}}
{"__type":"$$EventMessageConfirm","confirm":"e7b4599c-6980-44f2-8b88-8765e175655a","ts":"2025-12-26T14:52:59.906-05:00","source":{"id":"0","name":"eventBus"}}
{"__type":"$$EventMessageNode","id":"eb39b384-38f3-44be-a754-17d26bf7218a","ts":"2025-12-26T14:52:59.907-05:00","eventName":"n8n.node.finished","message":"n8n.node.finished","payload":{"workflowId":"WKP5DQioUa8V33KF","workflowName":"Clasificación automática de incidencias","executionId":"66","nodeType":"n8n-nodes-base.httpRequest","nodeName":"HTTP Request","nodeId":"37bd2505-e1c2-479d-822a-07dedaa70202"}}
{"__type":"$$EventMessageConfirm","confirm":"eb39b384-38f3-44be-a754-17d26bf7218a","ts":"2025-12-26T14:52:59.907-05:00","source":{"id":"0","name":"eventBus"}}
{"__type":"$$EventMessageWorkflow","id":"b4041179-2024-4fda-a2ea-ee13a2a4dc4d","ts":"2025-12-26T14:52:59.909-05:00","eventName":"n8n.workflow.failed","message":"n8n.workflow.failed","payload":{"userId":"76f1c822-eead-4d9d-807f-4cf0b8058c59","executionId":"66","success":false,"isManual":true,"workflowId":"WKP5DQioUa8V33KF","workflowName":"Clasificación automática de incidencias","lastNodeExecuted":"HTTP Request","errorNodeType":"n8n-nodes-base.httpRequest","errorMessage":"JSON parameter needs to be valid JSON"}}
{"__type":"$$EventMessageConfirm","confirm":"b4041179-2024-4fda-a2ea-ee13a2a4dc4d","ts":"2025-12-26T14:52:59.909-05:00","source":{"id":"0","name":"eventBus"}}
{"__type":"$$EventMessageWorkflow","id":"57567f4c-3081-4325-aeb8-c9160aa8c45c","ts":"2025-12-26T14:53:01.371-05:00","eventName":"n8n.workflow.started","message":"n8n.workflow.started","payload":{"executionId":"67","workflowId":"WKP5DQioUa8V33KF","isManual":false,"workflowName":"Clasificación automática de incidencias"}}
{"__type":"$$EventMessageConfirm","confirm":"57567f4c-3081-4325-aeb8-c9160aa8c45c","ts":"2025-12-26T14:53:01.371-05:00","source":{"id":"0","name":"eventBus"}}
{"__type":"$$EventMessageNode","id":"0f93a07f-7513-40a6-b5c5-55124b9df8d3","ts":"2025-12-26T14:53:01.372-05:00","eventName":"n8n.node.started","message":"n8n.node.started","payload":{"workflowId":"WKP5DQioUa8V33KF","workflowName":"Clasificación automática de incidencias","executionId":"67","nodeType":"n8n-nodes-base.httpRequest","nodeName":"HTTP Request","nodeId":"37bd2505-e1c2-479d-822a-07dedaa70202"}}
{"__type":"$$EventMessageConfirm","confirm":"0f93a07f-7513-40a6-b5c5-55124b9df8d3","ts":"2025-12-26T14:53:01.372-05:00","source":{"id":"0","name":"eventBus"}}
{"__type":"$$EventMessageNode","id":"a92729de-9994-43e9-90ca-f330c0d55d61","ts":"2025-12-26T14:53:01.374-05:00","eventName":"n8n.node.finished","message":"n8n.node.finished","payload":{"workflowId":"WKP5DQioUa8V33KF","workflowName":"Clasificación automática de incidencias","executionId":"67","nodeType":"n8n-nodes-base.httpRequest","nodeName":"HTTP Request","nodeId":"37bd2505-e1c2-479d-822a-07dedaa70202"}}
{"__type":"$$EventMessageConfirm","confirm":"a92729de-9994-43e9-90ca-f330c0d55d61","ts":"2025-12-26T14:53:01.374-05:00","source":{"id":"0","name":"eventBus"}}
{"__type":"$$EventMessageWorkflow","id":"6ee840a8-5a56-4458-bc5b-2182de3e61aa","ts":"2025-12-26T14:53:01.376-05:00","eventName":"n8n.workflow.failed","message":"n8n.workflow.failed","payload":{"userId":"76f1c822-eead-4d9d-807f-4cf0b8058c59","executionId":"67","success":false,"isManual":true,"workflowId":"WKP5DQioUa8V33KF","workflowName":"Clasificación automática de incidencias","lastNodeExecuted":"HTTP Request","errorNodeType":"n8n-nodes-base.httpRequest","errorMessage":"JSON parameter needs to be valid JSON"}}
{"__type":"$$EventMessageConfirm","confirm":"6ee840a8-5a56-4458-bc5b-2182de3e61aa","ts":"2025-12-26T14:53:01.376-05:00","source":{"id":"0","name":"eventBus"}}
{"__type":"$$EventMessageWorkflow","id":"d8888764-e620-410a-a157-b3440715d6f2","ts":"2025-12-26T14:53:14.491-05:00","eventName":"n8n.workflow.started","message":"n8n.workflow.started","payload":{"executionId":"68","workflowId":"WKP5DQioUa8V33KF","isManual":false,"workflowName":"Clasificación automática de incidencias"}}
{"__type":"$$EventMessageConfirm","confirm":"d8888764-e620-410a-a157-b3440715d6f2","ts":"2025-12-26T14:53:14.491-05:00","source":{"id":"0","name":"eventBus"}}
{"__type":"$$EventMessageNode","id":"bcd838e8-784f-4c9c-8856-b1353be51c35","ts":"2025-12-26T14:53:14.493-05:00","eventName":"n8n.node.started","message":"n8n.node.started","payload":{"workflowId":"WKP5DQioUa8V33KF","workflowName":"Clasificación automática de incidencias","executionId":"68","nodeType":"n8n-nodes-base.httpRequest","nodeName":"HTTP Request","nodeId":"37bd2505-e1c2-479d-822a-07dedaa70202"}}
{"__type":"$$EventMessageConfirm","confirm":"bcd838e8-784f-4c9c-8856-b1353be51c35","ts":"2025-12-26T14:53:14.493-05:00","source":{"id":"0","name":"eventBus"}}
{"__type":"$$EventMessageNode","id":"d02bee08-de9d-44e9-999b-479fca346c25","ts":"2025-12-26T14:53:14.494-05:00","eventName":"n8n.node.finished","message":"n8n.node.finished","payload":{"workflowId":"WKP5DQioUa8V33KF","workflowName":"Clasificación automática de incidencias","executionId":"68","nodeType":"n8n-nodes-base.httpRequest","nodeName":"HTTP Request","nodeId":"37bd2505-e1c2-479d-822a-07dedaa70202"}}
{"__type":"$$EventMessageConfirm","confirm":"d02bee08-de9d-44e9-999b-479fca346c25","ts":"2025-12-26T14:53:14.494-05:00","source":{"id":"0","name":"eventBus"}}
{"__type":"$$EventMessageWorkflow","id":"039f93ac-756d-4482-89b1-07c00ccb19f6","ts":"2025-12-26T14:53:14.496-05:00","eventName":"n8n.workflow.failed","message":"n8n.workflow.failed","payload":{"userId":"76f1c822-eead-4d9d-807f-4cf0b8058c59","executionId":"68","success":false,"isManual":true,"workflowId":"WKP5DQioUa8V33KF","workflowName":"Clasificación automática de incidencias","lastNodeExecuted":"HTTP Request","errorNodeType":"n8n-nodes-base.httpRequest","errorMessage":"JSON parameter needs to be valid JSON"}}
{"__type":"$$EventMessageConfirm","confirm":"039f93ac-756d-4482-89b1-07c00ccb19f6","ts":"2025-12-26T14:53:14.496-05:00","source":{"id":"0","name":"eventBus"}}
{"__type":"$$EventMessageWorkflow","id":"d1312a47-45bd-46e2-b8be-e12f72b7c0a6","ts":"2025-12-26T14:53:27.680-05:00","eventName":"n8n.workflow.started","message":"n8n.workflow.started","payload":{"executionId":"69","workflowId":"WKP5DQioUa8V33KF","isManual":false,"workflowName":"Clasificación automática de incidencias"}}
{"__type":"$$EventMessageConfirm","confirm":"d1312a47-45bd-46e2-b8be-e12f72b7c0a6","ts":"2025-12-26T14:53:27.681-05:00","source":{"id":"0","name":"eventBus"}}
{"__type":"$$EventMessageNode","id":"c7d14b9d-1295-4dbf-a095-a58cc4ea0ffc","ts":"2025-12-26T14:53:27.681-05:00","eventName":"n8n.node.started","message":"n8n.node.started","payload":{"workflowId":"WKP5DQioUa8V33KF","workflowName":"Clasificación automática de incidencias","executionId":"69","nodeType":"n8n-nodes-base.httpRequest","nodeName":"HTTP Request","nodeId":"37bd2505-e1c2-479d-822a-07dedaa70202"}}
{"__type":"$$EventMessageConfirm","confirm":"c7d14b9d-1295-4dbf-a095-a58cc4ea0ffc","ts":"2025-12-26T14:53:27.681-05:00","source":{"id":"0","name":"eventBus"}}
{"__type":"$$EventMessageNode","id":"e1b20270-d942-4ba7-bd50-5c7f3fc3f1cf","ts":"2025-12-26T14:53:31.657-05:00","eventName":"n8n.node.finished","message":"n8n.node.finished","payload":{"workflowId":"WKP5DQioUa8V33KF","workflowName":"Clasificación automática de incidencias","executionId":"69","nodeType":"n8n-nodes-base.httpRequest","nodeName":"HTTP Request","nodeId":"37bd2505-e1c2-479d-822a-07dedaa70202"}}
{"__type":"$$EventMessageConfirm","confirm":"e1b20270-d942-4ba7-bd50-5c7f3fc3f1cf","ts":"2025-12-26T14:53:31.657-05:00","source":{"id":"0","name":"eventBus"}}
{"__type":"$$EventMessageWorkflow","id":"48005524-8321-48a3-aabe-4821da8ff16c","ts":"2025-12-26T14:53:31.659-05:00","eventName":"n8n.workflow.failed","message":"n8n.workflow.failed","payload":{"userId":"76f1c822-eead-4d9d-807f-4cf0b8058c59","executionId":"69","success":false,"isManual":true,"workflowId":"WKP5DQioUa8V33KF","workflowName":"Clasificación automática de incidencias","lastNodeExecuted":"HTTP Request","errorNodeType":"n8n-nodes-base.httpRequest","errorMessage":"The connection cannot be established, this usually occurs due to an incorrect host (domain) value"}}
{"__type":"$$EventMessageConfirm","confirm":"48005524-8321-48a3-aabe-4821da8ff16c","ts":"2025-12-26T14:53:31.659-05:00","source":{"id":"0","name":"eventBus"}}
{"__type":"$$EventMessageWorkflow","id":"456fbcb3-e0d5-4eda-ba6c-3b42fff3ee89","ts":"2025-12-26T14:53:48.961-05:00","eventName":"n8n.workflow.started","message":"n8n.workflow.started","payload":{"executionId":"70","workflowId":"WKP5DQioUa8V33KF","isManual":false,"workflowName":"Clasificación automática de incidencias"}}
{"__type":"$$EventMessageConfirm","confirm":"456fbcb3-e0d5-4eda-ba6c-3b42fff3ee89","ts":"2025-12-26T14:53:48.961-05:00","source":{"id":"0","name":"eventBus"}}
{"__type":"$$EventMessageNode","id":"fa556727-3668-483c-8523-9c414bd8c828","ts":"2025-12-26T14:53:48.963-05:00","eventName":"n8n.node.started","message":"n8n.node.started","payload":{"workflowId":"WKP5DQioUa8V33KF","workflowName":"Clasificación automática de incidencias","executionId":"70","nodeType":"n8n-nodes-base.httpRequest","nodeName":"HTTP Request","nodeId":"37bd2505-e1c2-479d-822a-07dedaa70202"}}
{"__type":"$$EventMessageConfirm","confirm":"fa556727-3668-483c-8523-9c414bd8c828","ts":"2025-12-26T14:53:48.963-05:00","source":{"id":"0","name":"eventBus"}}
{"__type":"$$EventMessageNode","id":"a48a2450-3b3a-450f-884a-1e559037d2e9","ts":"2025-12-26T14:53:52.935-05:00","eventName":"n8n.node.finished","message":"n8n.node.finished","payload":{"workflowId":"WKP5DQioUa8V33KF","workflowName":"Clasificación automática de incidencias","executionId":"70","nodeType":"n8n-nodes-base.httpRequest","nodeName":"HTTP Request","nodeId":"37bd2505-e1c2-479d-822a-07dedaa70202"}}
{"__type":"$$EventMessageConfirm","confirm":"a48a2450-3b3a-450f-884a-1e559037d2e9","ts":"2025-12-26T14:53:52.935-05:00","source":{"id":"0","name":"eventBus"}}
{"__type":"$$EventMessageWorkflow","id":"a257f8f7-e939-4ed7-b422-00843ed4f131","ts":"2025-12-26T14:53:52.937-05:00","eventName":"n8n.workflow.failed","message":"n8n.workflow.failed","payload":{"userId":"76f1c822-eead-4d9d-807f-4cf0b8058c59","executionId":"70","success":false,"isManual":true,"workflowId":"WKP5DQioUa8V33KF","workflowName":"Clasificación automática de incidencias","lastNodeExecuted":"HTTP Request","errorNodeType":"n8n-nodes-base.httpRequest","errorMessage":"The connection cannot be established, this usually occurs due to an incorrect host (domain) value"}}
{"__type":"$$EventMessageConfirm","confirm":"a257f8f7-e939-4ed7-b422-00843ed4f131","ts":"2025-12-26T14:53:52.937-05:00","source":{"id":"0","name":"eventBus"}}
{"__type":"$$EventMessageWorkflow","id":"96b47e84-07a2-4440-8ba6-d0d8faf0b63d","ts":"2025-12-26T14:55:02.368-05:00","eventName":"n8n.workflow.started","message":"n8n.workflow.started","payload":{"executionId":"71","workflowId":"WKP5DQioUa8V33KF","isManual":false,"workflowName":"Clasificación automática de incidencias"}}
{"__type":"$$EventMessageConfirm","confirm":"96b47e84-07a2-4440-8ba6-d0d8faf0b63d","ts":"2025-12-26T14:55:02.368-05:00","source":{"id":"0","name":"eventBus"}}
{"__type":"$$EventMessageNode","id":"d7baf174-0c5e-4efa-b201-ad1ac9b2d9c3","ts":"2025-12-26T14:55:02.369-05:00","eventName":"n8n.node.started","message":"n8n.node.started","payload":{"workflowId":"WKP5DQioUa8V33KF","workflowName":"Clasificación automática de incidencias","executionId":"71","nodeType":"n8n-nodes-base.httpRequest","nodeName":"HTTP Request","nodeId":"37bd2505-e1c2-479d-822a-07dedaa70202"}}
{"__type":"$$EventMessageConfirm","confirm":"d7baf174-0c5e-4efa-b201-ad1ac9b2d9c3","ts":"2025-12-26T14:55:02.369-05:00","source":{"id":"0","name":"eventBus"}}
{"__type":"$$EventMessageNode","id":"6b7c89a7-bf83-4d45-b38b-dd7572244213","ts":"2025-12-26T14:55:02.371-05:00","eventName":"n8n.node.finished","message":"n8n.node.finished","payload":{"workflowId":"WKP5DQioUa8V33KF","workflowName":"Clasificación automática de incidencias","executionId":"71","nodeType":"n8n-nodes-base.httpRequest","nodeName":"HTTP Request","nodeId":"37bd2505-e1c2-479d-822a-07dedaa70202"}}
{"__type":"$$EventMessageConfirm","confirm":"6b7c89a7-bf83-4d45-b38b-dd7572244213","ts":"2025-12-26T14:55:02.371-05:00","source":{"id":"0","name":"eventBus"}}
{"__type":"$$EventMessageWorkflow","id":"0ede5809-9c60-456c-876d-ad6b51801bca","ts":"2025-12-26T14:55:02.373-05:00","eventName":"n8n.workflow.failed","message":"n8n.workflow.failed","payload":{"userId":"76f1c822-eead-4d9d-807f-4cf0b8058c59","executionId":"71","success":false,"isManual":true,"workflowId":"WKP5DQioUa8V33KF","workflowName":"Clasificación automática de incidencias","lastNodeExecuted":"HTTP Request","errorNodeType":"n8n-nodes-base.httpRequest","errorMessage":"JSON parameter needs to be valid JSON"}}
{"__type":"$$EventMessageConfirm","confirm":"0ede5809-9c60-456c-876d-ad6b51801bca","ts":"2025-12-26T14:55:02.373-05:00","source":{"id":"0","name":"eventBus"}}
{"__type":"$$EventMessageWorkflow","id":"d85381e0-3739-4133-bcb1-8975626706b1","ts":"2025-12-26T14:57:58.137-05:00","eventName":"n8n.workflow.started","message":"n8n.workflow.started","payload":{"executionId":"72","workflowId":"WKP5DQioUa8V33KF","isManual":false,"workflowName":"Clasificación automática de incidencias"}}
{"__type":"$$EventMessageConfirm","confirm":"d85381e0-3739-4133-bcb1-8975626706b1","ts":"2025-12-26T14:57:58.137-05:00","source":{"id":"0","name":"eventBus"}}
{"__type":"$$EventMessageWorkflow","id":"b17075c1-8176-45da-aa76-92eb496b9cd4","ts":"2025-12-26T14:57:58.139-05:00","eventName":"n8n.workflow.success","message":"n8n.workflow.success","payload":{"userId":"76f1c822-eead-4d9d-807f-4cf0b8058c59","executionId":"72","success":true,"isManual":true,"workflowId":"WKP5DQioUa8V33KF","workflowName":"Clasificación automática de incidencias"}}
{"__type":"$$EventMessageConfirm","confirm":"b17075c1-8176-45da-aa76-92eb496b9cd4","ts":"2025-12-26T14:57:58.139-05:00","source":{"id":"0","name":"eventBus"}}
{"__type":"$$EventMessageWorkflow","id":"223fc2f3-c9f6-4056-b841-8a2f57a1921f","ts":"2025-12-26T14:58:48.223-05:00","eventName":"n8n.workflow.started","message":"n8n.workflow.started","payload":{"executionId":"73","workflowId":"WKP5DQioUa8V33KF","isManual":false,"workflowName":"Clasificación automática de incidencias"}}
{"__type":"$$EventMessageConfirm","confirm":"223fc2f3-c9f6-4056-b841-8a2f57a1921f","ts":"2025-12-26T14:58:48.223-05:00","source":{"id":"0","name":"eventBus"}}
{"__type":"$$EventMessageNode","id":"efc088e5-dd0b-4906-9e93-2fc186a438ae","ts":"2025-12-26T14:58:48.224-05:00","eventName":"n8n.node.started","message":"n8n.node.started","payload":{"workflowId":"WKP5DQioUa8V33KF","workflowName":"Clasificación automática de incidencias","executionId":"73","nodeType":"n8n-nodes-base.httpRequest","nodeName":"HTTP Request","nodeId":"37bd2505-e1c2-479d-822a-07dedaa70202"}}
{"__type":"$$EventMessageConfirm","confirm":"efc088e5-dd0b-4906-9e93-2fc186a438ae","ts":"2025-12-26T14:58:48.224-05:00","source":{"id":"0","name":"eventBus"}}
{"__type":"$$EventMessageNode","id":"7c71fdb8-3978-4260-abe3-a3c47eff9311","ts":"2025-12-26T14:58:48.227-05:00","eventName":"n8n.node.finished","message":"n8n.node.finished","payload":{"workflowId":"WKP5DQioUa8V33KF","workflowName":"Clasificación automática de incidencias","executionId":"73","nodeType":"n8n-nodes-base.httpRequest","nodeName":"HTTP Request","nodeId":"37bd2505-e1c2-479d-822a-07dedaa70202"}}
{"__type":"$$EventMessageConfirm","confirm":"7c71fdb8-3978-4260-abe3-a3c47eff9311","ts":"2025-12-26T14:58:48.227-05:00","source":{"id":"0","name":"eventBus"}}
{"__type":"$$EventMessageWorkflow","id":"8181e669-0220-491e-b5a0-39a8098b7c92","ts":"2025-12-26T14:58:48.228-05:00","eventName":"n8n.workflow.failed","message":"n8n.workflow.failed","payload":{"userId":"76f1c822-eead-4d9d-807f-4cf0b8058c59","executionId":"73","success":false,"isManual":true,"workflowId":"WKP5DQioUa8V33KF","workflowName":"Clasificación automática de incidencias","lastNodeExecuted":"HTTP Request","errorNodeType":"n8n-nodes-base.httpRequest","errorMessage":"JSON parameter needs to be valid JSON"}}
{"__type":"$$EventMessageConfirm","confirm":"8181e669-0220-491e-b5a0-39a8098b7c92","ts":"2025-12-26T14:58:48.228-05:00","source":{"id":"0","name":"eventBus"}}
{"__type":"$$EventMessageWorkflow","id":"19966ffd-96f0-4442-9fd0-a32f0e694128","ts":"2025-12-26T14:58:57.761-05:00","eventName":"n8n.workflow.started","message":"n8n.workflow.started","payload":{"executionId":"74","workflowId":"WKP5DQioUa8V33KF","isManual":false,"workflowName":"Clasificación automática de incidencias"}}
{"__type":"$$EventMessageConfirm","confirm":"19966ffd-96f0-4442-9fd0-a32f0e694128","ts":"2025-12-26T14:58:57.761-05:00","source":{"id":"0","name":"eventBus"}}
{"__type":"$$EventMessageNode","id":"fcac15ad-2296-446c-8b3c-098486be7b3e","ts":"2025-12-26T14:58:57.761-05:00","eventName":"n8n.node.started","message":"n8n.node.started","payload":{"workflowId":"WKP5DQioUa8V33KF","workflowName":"Clasificación automática de incidencias","executionId":"74","nodeType":"n8n-nodes-base.httpRequest","nodeName":"HTTP Request","nodeId":"37bd2505-e1c2-479d-822a-07dedaa70202"}}
{"__type":"$$EventMessageConfirm","confirm":"fcac15ad-2296-446c-8b3c-098486be7b3e","ts":"2025-12-26T14:58:57.761-05:00","source":{"id":"0","name":"eventBus"}}
{"__type":"$$EventMessageNode","id":"5a137768-93ad-42b1-b03a-5e6b1727829c","ts":"2025-12-26T14:58:57.763-05:00","eventName":"n8n.node.finished","message":"n8n.node.finished","payload":{"workflowId":"WKP5DQioUa8V33KF","workflowName":"Clasificación automática de incidencias","executionId":"74","nodeType":"n8n-nodes-base.httpRequest","nodeName":"HTTP Request","nodeId":"37bd2505-e1c2-479d-822a-07dedaa70202"}}
{"__type":"$$EventMessageConfirm","confirm":"5a137768-93ad-42b1-b03a-5e6b1727829c","ts":"2025-12-26T14:58:57.763-05:00","source":{"id":"0","name":"eventBus"}}
{"__type":"$$EventMessageWorkflow","id":"ddb9d55a-ee61-44f9-86ee-f6c314185f86","ts":"2025-12-26T14:58:57.764-05:00","eventName":"n8n.workflow.failed","message":"n8n.workflow.failed","payload":{"userId":"76f1c822-eead-4d9d-807f-4cf0b8058c59","executionId":"74","success":false,"isManual":true,"workflowId":"WKP5DQioUa8V33KF","workflowName":"Clasificación automática de incidencias","lastNodeExecuted":"HTTP Request","errorNodeType":"n8n-nodes-base.httpRequest","errorMessage":"JSON parameter needs to be valid JSON"}}
{"__type":"$$EventMessageConfirm","confirm":"ddb9d55a-ee61-44f9-86ee-f6c314185f86","ts":"2025-12-26T14:58:57.764-05:00","source":{"id":"0","name":"eventBus"}}
